Started GET "/" for ::1 at 2021-01-14 17:17:25 -0800
  [1m[35m (2.3ms)[0m  [1m[34mSELECT sqlite_version(*)[0m
Processing by Rails::WelcomeController#index as HTML
  Rendering /home/obelich/.rvm/rubies/ruby-2.7.2/lib/ruby/gems/2.7.0/gems/railties-6.1.1/lib/rails/templates/rails/welcome/index.html.erb
  Rendered /home/obelich/.rvm/rubies/ruby-2.7.2/lib/ruby/gems/2.7.0/gems/railties-6.1.1/lib/rails/templates/rails/welcome/index.html.erb (Duration: 12.2ms | Allocations: 443)
Completed 200 OK in 42ms (Views: 25.5ms | ActiveRecord: 0.0ms | Allocations: 3809)


Started GET "/blog" for ::1 at 2021-01-14 17:17:31 -0800
Processing by Blorgh::ArticlesController#index as HTML
  Rendering layout /home/obelich/Git/mi-aprendisaje/Back-end/Ruby/Rails/aprender-generar-engine/blorgh/app/views/layouts/blorgh/application.html.erb
  Rendering /home/obelich/Git/mi-aprendisaje/Back-end/Ruby/Rails/aprender-generar-engine/blorgh/app/views/blorgh/articles/index.html.erb within layouts/blorgh/application
  [1m[36mBlorgh::Article Load (0.5ms)[0m  [1m[34mSELECT "blorgh_articles".* FROM "blorgh_articles"[0m
  Rendered /home/obelich/Git/mi-aprendisaje/Back-end/Ruby/Rails/aprender-generar-engine/blorgh/app/views/blorgh/articles/index.html.erb within layouts/blorgh/application (Duration: 4.6ms | Allocations: 3781)
  Rendered layout /home/obelich/Git/mi-aprendisaje/Back-end/Ruby/Rails/aprender-generar-engine/blorgh/app/views/layouts/blorgh/application.html.erb (Duration: 4.8ms | Allocations: 3839)
Completed 500 Internal Server Error in 31ms (ActiveRecord: 0.5ms | Allocations: 8854)


  
ActionView::Template::Error (SQLite3::SQLException: no such table: blorgh_articles):
    12:   </thead>
    13: 
    14:   <tbody>
    15:     <% @articles.each do |article| %>
    16:       <tr>
    17:         <td><%= article.title %></td>
    18:         <td><%= article.text %></td>
  
sqlite3 (1.4.2) lib/sqlite3/database.rb:147:in `initialize'
sqlite3 (1.4.2) lib/sqlite3/database.rb:147:in `new'
sqlite3 (1.4.2) lib/sqlite3/database.rb:147:in `prepare'
activerecord (6.1.1) lib/active_record/connection_adapters/sqlite3/database_statements.rb:61:in `block (2 levels) in exec_query'
activesupport (6.1.1) lib/active_support/dependencies/interlock.rb:48:in `block in permit_concurrent_loads'
activesupport (6.1.1) lib/active_support/concurrency/share_lock.rb:187:in `yield_shares'
activesupport (6.1.1) lib/active_support/dependencies/interlock.rb:47:in `permit_concurrent_loads'
activerecord (6.1.1) lib/active_record/connection_adapters/sqlite3/database_statements.rb:47:in `block in exec_query'
activerecord (6.1.1) lib/active_record/connection_adapters/abstract_adapter.rb:697:in `block (2 levels) in log'
activesupport (6.1.1) lib/active_support/concurrency/load_interlock_aware_monitor.rb:26:in `block (2 levels) in synchronize'
activesupport (6.1.1) lib/active_support/concurrency/load_interlock_aware_monitor.rb:25:in `handle_interrupt'
activesupport (6.1.1) lib/active_support/concurrency/load_interlock_aware_monitor.rb:25:in `block in synchronize'
activesupport (6.1.1) lib/active_support/concurrency/load_interlock_aware_monitor.rb:21:in `handle_interrupt'
activesupport (6.1.1) lib/active_support/concurrency/load_interlock_aware_monitor.rb:21:in `synchronize'
activerecord (6.1.1) lib/active_record/connection_adapters/abstract_adapter.rb:696:in `block in log'
activesupport (6.1.1) lib/active_support/notifications/instrumenter.rb:24:in `instrument'
activerecord (6.1.1) lib/active_record/connection_adapters/abstract_adapter.rb:688:in `log'
activerecord (6.1.1) lib/active_record/connection_adapters/sqlite3/database_statements.rb:46:in `exec_query'
activerecord (6.1.1) lib/active_record/connection_adapters/abstract/database_statements.rb:536:in `select_prepared'
activerecord (6.1.1) lib/active_record/connection_adapters/abstract/database_statements.rb:67:in `select_all'
activerecord (6.1.1) lib/active_record/connection_adapters/abstract/query_cache.rb:101:in `block in select_all'
activerecord (6.1.1) lib/active_record/connection_adapters/abstract/query_cache.rb:118:in `block in cache_sql'
activesupport (6.1.1) lib/active_support/concurrency/load_interlock_aware_monitor.rb:26:in `block (2 levels) in synchronize'
activesupport (6.1.1) lib/active_support/concurrency/load_interlock_aware_monitor.rb:25:in `handle_interrupt'
activesupport (6.1.1) lib/active_support/concurrency/load_interlock_aware_monitor.rb:25:in `block in synchronize'
activesupport (6.1.1) lib/active_support/concurrency/load_interlock_aware_monitor.rb:21:in `handle_interrupt'
activesupport (6.1.1) lib/active_support/concurrency/load_interlock_aware_monitor.rb:21:in `synchronize'
activerecord (6.1.1) lib/active_record/connection_adapters/abstract/query_cache.rb:109:in `cache_sql'
activerecord (6.1.1) lib/active_record/connection_adapters/abstract/query_cache.rb:101:in `select_all'
activerecord (6.1.1) lib/active_record/querying.rb:47:in `find_by_sql'
activerecord (6.1.1) lib/active_record/relation.rb:850:in `block in exec_queries'
activerecord (6.1.1) lib/active_record/relation.rb:868:in `skip_query_cache_if_necessary'
activerecord (6.1.1) lib/active_record/relation.rb:835:in `exec_queries'
activerecord (6.1.1) lib/active_record/relation.rb:638:in `load'
activerecord (6.1.1) lib/active_record/relation.rb:249:in `records'
activerecord (6.1.1) lib/active_record/relation/delegation.rb:88:in `each'
/home/obelich/Git/mi-aprendisaje/Back-end/Ruby/Rails/aprender-generar-engine/blorgh/app/views/blorgh/articles/index.html.erb:15
actionview (6.1.1) lib/action_view/base.rb:247:in `public_send'
actionview (6.1.1) lib/action_view/base.rb:247:in `_run'
actionview (6.1.1) lib/action_view/template.rb:154:in `block in render'
activesupport (6.1.1) lib/active_support/notifications.rb:205:in `instrument'
actionview (6.1.1) lib/action_view/template.rb:345:in `instrument_render_template'
actionview (6.1.1) lib/action_view/template.rb:152:in `render'
actionview (6.1.1) lib/action_view/renderer/template_renderer.rb:61:in `block (2 levels) in render_template'
activesupport (6.1.1) lib/active_support/notifications.rb:203:in `block in instrument'
activesupport (6.1.1) lib/active_support/notifications/instrumenter.rb:24:in `instrument'
activesupport (6.1.1) lib/active_support/notifications.rb:203:in `instrument'
actionview (6.1.1) lib/action_view/renderer/template_renderer.rb:56:in `block in render_template'
actionview (6.1.1) lib/action_view/renderer/template_renderer.rb:71:in `block in render_with_layout'
activesupport (6.1.1) lib/active_support/notifications.rb:203:in `block in instrument'
activesupport (6.1.1) lib/active_support/notifications/instrumenter.rb:24:in `instrument'
activesupport (6.1.1) lib/active_support/notifications.rb:203:in `instrument'
actionview (6.1.1) lib/action_view/renderer/template_renderer.rb:70:in `render_with_layout'
actionview (6.1.1) lib/action_view/renderer/template_renderer.rb:55:in `render_template'
actionview (6.1.1) lib/action_view/renderer/template_renderer.rb:11:in `render'
actionview (6.1.1) lib/action_view/renderer/renderer.rb:61:in `render_template_to_object'
actionview (6.1.1) lib/action_view/renderer/renderer.rb:29:in `render_to_object'
actionview (6.1.1) lib/action_view/rendering.rb:117:in `block in _render_template'
actionview (6.1.1) lib/action_view/base.rb:273:in `in_rendering_context'
actionview (6.1.1) lib/action_view/rendering.rb:116:in `_render_template'
actionpack (6.1.1) lib/action_controller/metal/streaming.rb:218:in `_render_template'
actionview (6.1.1) lib/action_view/rendering.rb:103:in `render_to_body'
actionpack (6.1.1) lib/action_controller/metal/rendering.rb:52:in `render_to_body'
actionpack (6.1.1) lib/action_controller/metal/renderers.rb:142:in `render_to_body'
actionpack (6.1.1) lib/abstract_controller/rendering.rb:25:in `render'
actionpack (6.1.1) lib/action_controller/metal/rendering.rb:36:in `render'
actionpack (6.1.1) lib/action_controller/metal/instrumentation.rb:46:in `block (2 levels) in render'
/home/obelich/.rvm/rubies/ruby-2.7.2/lib/ruby/2.7.0/benchmark.rb:308:in `realtime'
activesupport (6.1.1) lib/active_support/core_ext/benchmark.rb:14:in `ms'
actionpack (6.1.1) lib/action_controller/metal/instrumentation.rb:46:in `block in render'
actionpack (6.1.1) lib/action_controller/metal/instrumentation.rb:86:in `cleanup_view_runtime'
activerecord (6.1.1) lib/active_record/railties/controller_runtime.rb:34:in `cleanup_view_runtime'
actionpack (6.1.1) lib/action_controller/metal/instrumentation.rb:45:in `render'
actionpack (6.1.1) lib/action_controller/metal/implicit_render.rb:35:in `default_render'
actionpack (6.1.1) lib/action_controller/metal/basic_implicit_render.rb:6:in `block in send_action'
actionpack (6.1.1) lib/action_controller/metal/basic_implicit_render.rb:6:in `tap'
actionpack (6.1.1) lib/action_controller/metal/basic_implicit_render.rb:6:in `send_action'
actionpack (6.1.1) lib/abstract_controller/base.rb:228:in `process_action'
actionpack (6.1.1) lib/action_controller/metal/rendering.rb:30:in `process_action'
actionpack (6.1.1) lib/abstract_controller/callbacks.rb:42:in `block in process_action'
activesupport (6.1.1) lib/active_support/callbacks.rb:117:in `block in run_callbacks'
actiontext (6.1.1) lib/action_text/rendering.rb:20:in `with_renderer'
actiontext (6.1.1) lib/action_text/engine.rb:55:in `block (4 levels) in <class:Engine>'
activesupport (6.1.1) lib/active_support/callbacks.rb:126:in `instance_exec'
activesupport (6.1.1) lib/active_support/callbacks.rb:126:in `block in run_callbacks'
activesupport (6.1.1) lib/active_support/callbacks.rb:137:in `run_callbacks'
actionpack (6.1.1) lib/abstract_controller/callbacks.rb:41:in `process_action'
actionpack (6.1.1) lib/action_controller/metal/rescue.rb:22:in `process_action'
actionpack (6.1.1) lib/action_controller/metal/instrumentation.rb:34:in `block in process_action'
activesupport (6.1.1) lib/active_support/notifications.rb:203:in `block in instrument'
activesupport (6.1.1) lib/active_support/notifications/instrumenter.rb:24:in `instrument'
activesupport (6.1.1) lib/active_support/notifications.rb:203:in `instrument'
actionpack (6.1.1) lib/action_controller/metal/instrumentation.rb:33:in `process_action'
actionpack (6.1.1) lib/action_controller/metal/params_wrapper.rb:249:in `process_action'
activerecord (6.1.1) lib/active_record/railties/controller_runtime.rb:27:in `process_action'
actionpack (6.1.1) lib/abstract_controller/base.rb:165:in `process'
actionview (6.1.1) lib/action_view/rendering.rb:39:in `process'
actionpack (6.1.1) lib/action_controller/metal.rb:190:in `dispatch'
actionpack (6.1.1) lib/action_controller/metal.rb:254:in `dispatch'
actionpack (6.1.1) lib/action_dispatch/routing/route_set.rb:50:in `dispatch'
actionpack (6.1.1) lib/action_dispatch/routing/route_set.rb:33:in `serve'
actionpack (6.1.1) lib/action_dispatch/journey/router.rb:50:in `block in serve'
actionpack (6.1.1) lib/action_dispatch/journey/router.rb:32:in `each'
actionpack (6.1.1) lib/action_dispatch/journey/router.rb:32:in `serve'
actionpack (6.1.1) lib/action_dispatch/routing/route_set.rb:842:in `call'
railties (6.1.1) lib/rails/engine.rb:539:in `call'
railties (6.1.1) lib/rails/railtie.rb:207:in `public_send'
railties (6.1.1) lib/rails/railtie.rb:207:in `method_missing'
actionpack (6.1.1) lib/action_dispatch/routing/mapper.rb:20:in `block in <class:Constraints>'
actionpack (6.1.1) lib/action_dispatch/routing/mapper.rb:49:in `serve'
actionpack (6.1.1) lib/action_dispatch/journey/router.rb:50:in `block in serve'
actionpack (6.1.1) lib/action_dispatch/journey/router.rb:32:in `each'
actionpack (6.1.1) lib/action_dispatch/journey/router.rb:32:in `serve'
actionpack (6.1.1) lib/action_dispatch/routing/route_set.rb:842:in `call'
warden (1.2.9) lib/warden/manager.rb:36:in `block in call'
warden (1.2.9) lib/warden/manager.rb:34:in `catch'
warden (1.2.9) lib/warden/manager.rb:34:in `call'
rack (2.2.3) lib/rack/tempfile_reaper.rb:15:in `call'
rack (2.2.3) lib/rack/etag.rb:27:in `call'
rack (2.2.3) lib/rack/conditional_get.rb:27:in `call'
rack (2.2.3) lib/rack/head.rb:12:in `call'
actionpack (6.1.1) lib/action_dispatch/http/permissions_policy.rb:22:in `call'
actionpack (6.1.1) lib/action_dispatch/http/content_security_policy.rb:18:in `call'
rack (2.2.3) lib/rack/session/abstract/id.rb:266:in `context'
rack (2.2.3) lib/rack/session/abstract/id.rb:260:in `call'
actionpack (6.1.1) lib/action_dispatch/middleware/cookies.rb:689:in `call'
activerecord (6.1.1) lib/active_record/migration.rb:601:in `call'
actionpack (6.1.1) lib/action_dispatch/middleware/callbacks.rb:27:in `block in call'
activesupport (6.1.1) lib/active_support/callbacks.rb:98:in `run_callbacks'
actionpack (6.1.1) lib/action_dispatch/middleware/callbacks.rb:26:in `call'
actionpack (6.1.1) lib/action_dispatch/middleware/executor.rb:14:in `call'
actionpack (6.1.1) lib/action_dispatch/middleware/actionable_exceptions.rb:18:in `call'
actionpack (6.1.1) lib/action_dispatch/middleware/debug_exceptions.rb:29:in `call'
web-console (4.1.0) lib/web_console/middleware.rb:132:in `call_app'
web-console (4.1.0) lib/web_console/middleware.rb:28:in `block in call'
web-console (4.1.0) lib/web_console/middleware.rb:17:in `catch'
web-console (4.1.0) lib/web_console/middleware.rb:17:in `call'
actionpack (6.1.1) lib/action_dispatch/middleware/show_exceptions.rb:33:in `call'
railties (6.1.1) lib/rails/rack/logger.rb:37:in `call_app'
railties (6.1.1) lib/rails/rack/logger.rb:26:in `block in call'
activesupport (6.1.1) lib/active_support/tagged_logging.rb:99:in `block in tagged'
activesupport (6.1.1) lib/active_support/tagged_logging.rb:37:in `tagged'
activesupport (6.1.1) lib/active_support/tagged_logging.rb:99:in `tagged'
railties (6.1.1) lib/rails/rack/logger.rb:26:in `call'
sprockets-rails (3.2.2) lib/sprockets/rails/quiet_assets.rb:13:in `call'
actionpack (6.1.1) lib/action_dispatch/middleware/remote_ip.rb:81:in `call'
actionpack (6.1.1) lib/action_dispatch/middleware/request_id.rb:26:in `call'
rack (2.2.3) lib/rack/method_override.rb:24:in `call'
rack (2.2.3) lib/rack/runtime.rb:22:in `call'
activesupport (6.1.1) lib/active_support/cache/strategy/local_cache_middleware.rb:29:in `call'
actionpack (6.1.1) lib/action_dispatch/middleware/executor.rb:14:in `call'
actionpack (6.1.1) lib/action_dispatch/middleware/static.rb:24:in `call'
rack (2.2.3) lib/rack/sendfile.rb:110:in `call'
actionpack (6.1.1) lib/action_dispatch/middleware/host_authorization.rb:98:in `call'
rack-mini-profiler (2.3.0) lib/mini_profiler/profiler.rb:373:in `call'
webpacker (5.2.1) lib/webpacker/dev_server_proxy.rb:25:in `perform_request'
rack-proxy (0.6.5) lib/rack/proxy.rb:57:in `call'
railties (6.1.1) lib/rails/engine.rb:539:in `call'
puma (5.1.1) lib/puma/configuration.rb:246:in `call'
puma (5.1.1) lib/puma/request.rb:76:in `block in handle_request'
puma (5.1.1) lib/puma/thread_pool.rb:337:in `with_force_shutdown'
puma (5.1.1) lib/puma/request.rb:75:in `handle_request'
puma (5.1.1) lib/puma/server.rb:431:in `process_client'
puma (5.1.1) lib/puma/thread_pool.rb:145:in `block in spawn_thread'
Started GET "/blog" for ::1 at 2021-01-14 17:18:09 -0800
  [1m[35m (7.8ms)[0m  [1m[35mCREATE TABLE "schema_migrations" ("version" varchar NOT NULL PRIMARY KEY)[0m
  [1m[35m (4.1ms)[0m  [1m[35mCREATE TABLE "ar_internal_metadata" ("key" varchar NOT NULL PRIMARY KEY, "value" varchar, "created_at" datetime(6) NOT NULL, "updated_at" datetime(6) NOT NULL)[0m
  [1m[35m (0.2ms)[0m  [1m[34mSELECT "schema_migrations"."version" FROM "schema_migrations" ORDER BY "schema_migrations"."version" ASC[0m
  
ActiveRecord::PendingMigrationError (

Migrations are pending. To resolve this issue, run:

        bin/rails db:migrate RAILS_ENV=development

You have 2 pending migrations:

20210115011802_create_blorgh_articles.blorgh.rb
20210115011803_create_blorgh_comments.blorgh.rb


):
  
activerecord (6.1.1) lib/active_record/migration.rb:625:in `check_pending!'
activerecord (6.1.1) lib/active_record/migration.rb:590:in `block (2 levels) in call'
activesupport (6.1.1) lib/active_support/evented_file_update_checker.rb:59:in `execute'
activesupport (6.1.1) lib/active_support/evented_file_update_checker.rb:65:in `execute_if_updated'
activerecord (6.1.1) lib/active_record/migration.rb:597:in `block in call'
activerecord (6.1.1) lib/active_record/migration.rb:587:in `synchronize'
activerecord (6.1.1) lib/active_record/migration.rb:587:in `call'
actionpack (6.1.1) lib/action_dispatch/middleware/callbacks.rb:27:in `block in call'
activesupport (6.1.1) lib/active_support/callbacks.rb:98:in `run_callbacks'
actionpack (6.1.1) lib/action_dispatch/middleware/callbacks.rb:26:in `call'
actionpack (6.1.1) lib/action_dispatch/middleware/executor.rb:14:in `call'
actionpack (6.1.1) lib/action_dispatch/middleware/actionable_exceptions.rb:18:in `call'
actionpack (6.1.1) lib/action_dispatch/middleware/debug_exceptions.rb:29:in `call'
web-console (4.1.0) lib/web_console/middleware.rb:132:in `call_app'
web-console (4.1.0) lib/web_console/middleware.rb:28:in `block in call'
web-console (4.1.0) lib/web_console/middleware.rb:17:in `catch'
web-console (4.1.0) lib/web_console/middleware.rb:17:in `call'
actionpack (6.1.1) lib/action_dispatch/middleware/show_exceptions.rb:33:in `call'
railties (6.1.1) lib/rails/rack/logger.rb:37:in `call_app'
railties (6.1.1) lib/rails/rack/logger.rb:26:in `block in call'
activesupport (6.1.1) lib/active_support/tagged_logging.rb:99:in `block in tagged'
activesupport (6.1.1) lib/active_support/tagged_logging.rb:37:in `tagged'
activesupport (6.1.1) lib/active_support/tagged_logging.rb:99:in `tagged'
railties (6.1.1) lib/rails/rack/logger.rb:26:in `call'
sprockets-rails (3.2.2) lib/sprockets/rails/quiet_assets.rb:13:in `call'
actionpack (6.1.1) lib/action_dispatch/middleware/remote_ip.rb:81:in `call'
actionpack (6.1.1) lib/action_dispatch/middleware/request_id.rb:26:in `call'
rack (2.2.3) lib/rack/method_override.rb:24:in `call'
rack (2.2.3) lib/rack/runtime.rb:22:in `call'
activesupport (6.1.1) lib/active_support/cache/strategy/local_cache_middleware.rb:29:in `call'
actionpack (6.1.1) lib/action_dispatch/middleware/executor.rb:14:in `call'
actionpack (6.1.1) lib/action_dispatch/middleware/static.rb:24:in `call'
rack (2.2.3) lib/rack/sendfile.rb:110:in `call'
actionpack (6.1.1) lib/action_dispatch/middleware/host_authorization.rb:98:in `call'
rack-mini-profiler (2.3.0) lib/mini_profiler/profiler.rb:373:in `call'
webpacker (5.2.1) lib/webpacker/dev_server_proxy.rb:25:in `perform_request'
rack-proxy (0.6.5) lib/rack/proxy.rb:57:in `call'
railties (6.1.1) lib/rails/engine.rb:539:in `call'
puma (5.1.1) lib/puma/configuration.rb:246:in `call'
puma (5.1.1) lib/puma/request.rb:76:in `block in handle_request'
puma (5.1.1) lib/puma/thread_pool.rb:337:in `with_force_shutdown'
puma (5.1.1) lib/puma/request.rb:75:in `handle_request'
puma (5.1.1) lib/puma/server.rb:431:in `process_client'
puma (5.1.1) lib/puma/thread_pool.rb:145:in `block in spawn_thread'
  [1m[35m (0.6ms)[0m  [1m[34mSELECT sqlite_version(*)[0m
  [1m[35m (0.1ms)[0m  [1m[34mSELECT "schema_migrations"."version" FROM "schema_migrations" ORDER BY "schema_migrations"."version" ASC[0m
Migrating to CreateBlorghArticles (20210115011802)
  [1m[36mTRANSACTION (0.1ms)[0m  [1m[36mbegin transaction[0m
  [1m[35m (0.3ms)[0m  [1m[35mCREATE TABLE "blorgh_articles" ("id" integer PRIMARY KEY AUTOINCREMENT NOT NULL, "title" varchar, "text" text, "created_at" datetime(6) NOT NULL, "updated_at" datetime(6) NOT NULL)[0m
  [1m[36mActiveRecord::SchemaMigration Create (0.1ms)[0m  [1m[32mINSERT INTO "schema_migrations" ("version") VALUES (?)[0m  [["version", "20210115011802"]]
  [1m[36mTRANSACTION (3.9ms)[0m  [1m[36mcommit transaction[0m
Migrating to CreateBlorghComments (20210115011803)
  [1m[36mTRANSACTION (0.1ms)[0m  [1m[36mbegin transaction[0m
  [1m[35m (0.2ms)[0m  [1m[35mCREATE TABLE "blorgh_comments" ("id" integer PRIMARY KEY AUTOINCREMENT NOT NULL, "article_id" integer, "text" text, "created_at" datetime(6) NOT NULL, "updated_at" datetime(6) NOT NULL)[0m
  [1m[36mActiveRecord::SchemaMigration Create (0.1ms)[0m  [1m[32mINSERT INTO "schema_migrations" ("version") VALUES (?)[0m  [["version", "20210115011803"]]
  [1m[36mTRANSACTION (2.9ms)[0m  [1m[36mcommit transaction[0m
  [1m[36mActiveRecord::InternalMetadata Load (0.2ms)[0m  [1m[34mSELECT "ar_internal_metadata".* FROM "ar_internal_metadata" WHERE "ar_internal_metadata"."key" = ? LIMIT ?[0m  [["key", "environment"], ["LIMIT", 1]]
  [1m[36mTRANSACTION (0.0ms)[0m  [1m[36mbegin transaction[0m
  [1m[36mActiveRecord::InternalMetadata Create (0.2ms)[0m  [1m[32mINSERT INTO "ar_internal_metadata" ("key", "value", "created_at", "updated_at") VALUES (?, ?, ?, ?)[0m  [["key", "environment"], ["value", "development"], ["created_at", "2021-01-15 01:18:47.115296"], ["updated_at", "2021-01-15 01:18:47.115296"]]
  [1m[36mTRANSACTION (2.4ms)[0m  [1m[36mcommit transaction[0m
  [1m[35m (0.1ms)[0m  [1m[34mSELECT sqlite_version(*)[0m
  [1m[35m (0.1ms)[0m  [1m[34mSELECT "schema_migrations"."version" FROM "schema_migrations" ORDER BY "schema_migrations"."version" ASC[0m
Started GET "/blog" for ::1 at 2021-01-14 17:18:51 -0800
  [1m[35m (0.0ms)[0m  [1m[34mSELECT sqlite_version(*)[0m
  [1m[35m (0.1ms)[0m  [1m[34mSELECT "schema_migrations"."version" FROM "schema_migrations" ORDER BY "schema_migrations"."version" ASC[0m
Processing by Blorgh::ArticlesController#index as HTML
  Rendering layout /home/obelich/Git/mi-aprendisaje/Back-end/Ruby/Rails/aprender-generar-engine/blorgh/app/views/layouts/blorgh/application.html.erb
  Rendering /home/obelich/Git/mi-aprendisaje/Back-end/Ruby/Rails/aprender-generar-engine/blorgh/app/views/blorgh/articles/index.html.erb within layouts/blorgh/application
  [1m[36mBlorgh::Article Load (0.1ms)[0m  [1m[34mSELECT "blorgh_articles".* FROM "blorgh_articles"[0m
  Rendered /home/obelich/Git/mi-aprendisaje/Back-end/Ruby/Rails/aprender-generar-engine/blorgh/app/views/blorgh/articles/index.html.erb within layouts/blorgh/application (Duration: 2.1ms | Allocations: 1302)
  Rendered layout /home/obelich/Git/mi-aprendisaje/Back-end/Ruby/Rails/aprender-generar-engine/blorgh/app/views/layouts/blorgh/application.html.erb (Duration: 47.7ms | Allocations: 20856)
Completed 500 Internal Server Error in 51ms (ActiveRecord: 0.1ms | Allocations: 22199)


  
ActionView::Template::Error (blorgh/application.css):
     5:   <%= csrf_meta_tags %>
     6:   <%= csp_meta_tag %>
     7: 
     8:   <%= stylesheet_link_tag    "blorgh/application", media: "all" %>
     9: </head>
    10: <body>
    11: 
  
sprockets-rails (3.2.2) lib/sprockets/rails/helper.rb:372:in `raise_unless_precompiled_asset'
sprockets-rails (3.2.2) lib/sprockets/rails/helper.rb:349:in `find_debug_asset'
sprockets-rails (3.2.2) lib/sprockets/rails/helper.rb:230:in `block in lookup_debug_asset'
sprockets-rails (3.2.2) lib/sprockets/rails/helper.rb:243:in `block in resolve_asset'
sprockets-rails (3.2.2) lib/sprockets/rails/helper.rb:242:in `each'
sprockets-rails (3.2.2) lib/sprockets/rails/helper.rb:242:in `detect'
sprockets-rails (3.2.2) lib/sprockets/rails/helper.rb:242:in `resolve_asset'
sprockets-rails (3.2.2) lib/sprockets/rails/helper.rb:229:in `lookup_debug_asset'
sprockets-rails (3.2.2) lib/sprockets/rails/helper.rb:171:in `block in stylesheet_link_tag'
sprockets-rails (3.2.2) lib/sprockets/rails/helper.rb:170:in `map'
sprockets-rails (3.2.2) lib/sprockets/rails/helper.rb:170:in `stylesheet_link_tag'
/home/obelich/Git/mi-aprendisaje/Back-end/Ruby/Rails/aprender-generar-engine/blorgh/app/views/layouts/blorgh/application.html.erb:8
actionview (6.1.1) lib/action_view/base.rb:247:in `public_send'
actionview (6.1.1) lib/action_view/base.rb:247:in `_run'
actionview (6.1.1) lib/action_view/template.rb:154:in `block in render'
activesupport (6.1.1) lib/active_support/notifications.rb:205:in `instrument'
actionview (6.1.1) lib/action_view/template.rb:345:in `instrument_render_template'
actionview (6.1.1) lib/action_view/template.rb:152:in `render'
actionview (6.1.1) lib/action_view/renderer/template_renderer.rb:72:in `block in render_with_layout'
activesupport (6.1.1) lib/active_support/notifications.rb:203:in `block in instrument'
activesupport (6.1.1) lib/active_support/notifications/instrumenter.rb:24:in `instrument'
activesupport (6.1.1) lib/active_support/notifications.rb:203:in `instrument'
actionview (6.1.1) lib/action_view/renderer/template_renderer.rb:70:in `render_with_layout'
actionview (6.1.1) lib/action_view/renderer/template_renderer.rb:55:in `render_template'
actionview (6.1.1) lib/action_view/renderer/template_renderer.rb:11:in `render'
actionview (6.1.1) lib/action_view/renderer/renderer.rb:61:in `render_template_to_object'
actionview (6.1.1) lib/action_view/renderer/renderer.rb:29:in `render_to_object'
actionview (6.1.1) lib/action_view/rendering.rb:117:in `block in _render_template'
actionview (6.1.1) lib/action_view/base.rb:273:in `in_rendering_context'
actionview (6.1.1) lib/action_view/rendering.rb:116:in `_render_template'
actionpack (6.1.1) lib/action_controller/metal/streaming.rb:218:in `_render_template'
actionview (6.1.1) lib/action_view/rendering.rb:103:in `render_to_body'
actionpack (6.1.1) lib/action_controller/metal/rendering.rb:52:in `render_to_body'
actionpack (6.1.1) lib/action_controller/metal/renderers.rb:142:in `render_to_body'
actionpack (6.1.1) lib/abstract_controller/rendering.rb:25:in `render'
actionpack (6.1.1) lib/action_controller/metal/rendering.rb:36:in `render'
actionpack (6.1.1) lib/action_controller/metal/instrumentation.rb:46:in `block (2 levels) in render'
/home/obelich/.rvm/rubies/ruby-2.7.2/lib/ruby/2.7.0/benchmark.rb:308:in `realtime'
activesupport (6.1.1) lib/active_support/core_ext/benchmark.rb:14:in `ms'
actionpack (6.1.1) lib/action_controller/metal/instrumentation.rb:46:in `block in render'
actionpack (6.1.1) lib/action_controller/metal/instrumentation.rb:86:in `cleanup_view_runtime'
activerecord (6.1.1) lib/active_record/railties/controller_runtime.rb:34:in `cleanup_view_runtime'
actionpack (6.1.1) lib/action_controller/metal/instrumentation.rb:45:in `render'
actionpack (6.1.1) lib/action_controller/metal/implicit_render.rb:35:in `default_render'
actionpack (6.1.1) lib/action_controller/metal/basic_implicit_render.rb:6:in `block in send_action'
actionpack (6.1.1) lib/action_controller/metal/basic_implicit_render.rb:6:in `tap'
actionpack (6.1.1) lib/action_controller/metal/basic_implicit_render.rb:6:in `send_action'
actionpack (6.1.1) lib/abstract_controller/base.rb:228:in `process_action'
actionpack (6.1.1) lib/action_controller/metal/rendering.rb:30:in `process_action'
actionpack (6.1.1) lib/abstract_controller/callbacks.rb:42:in `block in process_action'
activesupport (6.1.1) lib/active_support/callbacks.rb:117:in `block in run_callbacks'
actiontext (6.1.1) lib/action_text/rendering.rb:20:in `with_renderer'
actiontext (6.1.1) lib/action_text/engine.rb:55:in `block (4 levels) in <class:Engine>'
activesupport (6.1.1) lib/active_support/callbacks.rb:126:in `instance_exec'
activesupport (6.1.1) lib/active_support/callbacks.rb:126:in `block in run_callbacks'
activesupport (6.1.1) lib/active_support/callbacks.rb:137:in `run_callbacks'
actionpack (6.1.1) lib/abstract_controller/callbacks.rb:41:in `process_action'
actionpack (6.1.1) lib/action_controller/metal/rescue.rb:22:in `process_action'
actionpack (6.1.1) lib/action_controller/metal/instrumentation.rb:34:in `block in process_action'
activesupport (6.1.1) lib/active_support/notifications.rb:203:in `block in instrument'
activesupport (6.1.1) lib/active_support/notifications/instrumenter.rb:24:in `instrument'
activesupport (6.1.1) lib/active_support/notifications.rb:203:in `instrument'
actionpack (6.1.1) lib/action_controller/metal/instrumentation.rb:33:in `process_action'
actionpack (6.1.1) lib/action_controller/metal/params_wrapper.rb:249:in `process_action'
activerecord (6.1.1) lib/active_record/railties/controller_runtime.rb:27:in `process_action'
actionpack (6.1.1) lib/abstract_controller/base.rb:165:in `process'
actionview (6.1.1) lib/action_view/rendering.rb:39:in `process'
actionpack (6.1.1) lib/action_controller/metal.rb:190:in `dispatch'
actionpack (6.1.1) lib/action_controller/metal.rb:254:in `dispatch'
actionpack (6.1.1) lib/action_dispatch/routing/route_set.rb:50:in `dispatch'
actionpack (6.1.1) lib/action_dispatch/routing/route_set.rb:33:in `serve'
actionpack (6.1.1) lib/action_dispatch/journey/router.rb:50:in `block in serve'
actionpack (6.1.1) lib/action_dispatch/journey/router.rb:32:in `each'
actionpack (6.1.1) lib/action_dispatch/journey/router.rb:32:in `serve'
actionpack (6.1.1) lib/action_dispatch/routing/route_set.rb:842:in `call'
railties (6.1.1) lib/rails/engine.rb:539:in `call'
railties (6.1.1) lib/rails/railtie.rb:207:in `public_send'
railties (6.1.1) lib/rails/railtie.rb:207:in `method_missing'
actionpack (6.1.1) lib/action_dispatch/routing/mapper.rb:20:in `block in <class:Constraints>'
actionpack (6.1.1) lib/action_dispatch/routing/mapper.rb:49:in `serve'
actionpack (6.1.1) lib/action_dispatch/journey/router.rb:50:in `block in serve'
actionpack (6.1.1) lib/action_dispatch/journey/router.rb:32:in `each'
actionpack (6.1.1) lib/action_dispatch/journey/router.rb:32:in `serve'
actionpack (6.1.1) lib/action_dispatch/routing/route_set.rb:842:in `call'
warden (1.2.9) lib/warden/manager.rb:36:in `block in call'
warden (1.2.9) lib/warden/manager.rb:34:in `catch'
warden (1.2.9) lib/warden/manager.rb:34:in `call'
rack (2.2.3) lib/rack/tempfile_reaper.rb:15:in `call'
rack (2.2.3) lib/rack/etag.rb:27:in `call'
rack (2.2.3) lib/rack/conditional_get.rb:27:in `call'
rack (2.2.3) lib/rack/head.rb:12:in `call'
actionpack (6.1.1) lib/action_dispatch/http/permissions_policy.rb:22:in `call'
actionpack (6.1.1) lib/action_dispatch/http/content_security_policy.rb:18:in `call'
rack (2.2.3) lib/rack/session/abstract/id.rb:266:in `context'
rack (2.2.3) lib/rack/session/abstract/id.rb:260:in `call'
actionpack (6.1.1) lib/action_dispatch/middleware/cookies.rb:689:in `call'
activerecord (6.1.1) lib/active_record/migration.rb:601:in `call'
actionpack (6.1.1) lib/action_dispatch/middleware/callbacks.rb:27:in `block in call'
activesupport (6.1.1) lib/active_support/callbacks.rb:98:in `run_callbacks'
actionpack (6.1.1) lib/action_dispatch/middleware/callbacks.rb:26:in `call'
actionpack (6.1.1) lib/action_dispatch/middleware/executor.rb:14:in `call'
actionpack (6.1.1) lib/action_dispatch/middleware/actionable_exceptions.rb:18:in `call'
actionpack (6.1.1) lib/action_dispatch/middleware/debug_exceptions.rb:29:in `call'
web-console (4.1.0) lib/web_console/middleware.rb:132:in `call_app'
web-console (4.1.0) lib/web_console/middleware.rb:28:in `block in call'
web-console (4.1.0) lib/web_console/middleware.rb:17:in `catch'
web-console (4.1.0) lib/web_console/middleware.rb:17:in `call'
actionpack (6.1.1) lib/action_dispatch/middleware/show_exceptions.rb:33:in `call'
railties (6.1.1) lib/rails/rack/logger.rb:37:in `call_app'
railties (6.1.1) lib/rails/rack/logger.rb:26:in `block in call'
activesupport (6.1.1) lib/active_support/tagged_logging.rb:99:in `block in tagged'
activesupport (6.1.1) lib/active_support/tagged_logging.rb:37:in `tagged'
activesupport (6.1.1) lib/active_support/tagged_logging.rb:99:in `tagged'
railties (6.1.1) lib/rails/rack/logger.rb:26:in `call'
sprockets-rails (3.2.2) lib/sprockets/rails/quiet_assets.rb:13:in `call'
actionpack (6.1.1) lib/action_dispatch/middleware/remote_ip.rb:81:in `call'
actionpack (6.1.1) lib/action_dispatch/middleware/request_id.rb:26:in `call'
rack (2.2.3) lib/rack/method_override.rb:24:in `call'
rack (2.2.3) lib/rack/runtime.rb:22:in `call'
activesupport (6.1.1) lib/active_support/cache/strategy/local_cache_middleware.rb:29:in `call'
actionpack (6.1.1) lib/action_dispatch/middleware/executor.rb:14:in `call'
actionpack (6.1.1) lib/action_dispatch/middleware/static.rb:24:in `call'
rack (2.2.3) lib/rack/sendfile.rb:110:in `call'
actionpack (6.1.1) lib/action_dispatch/middleware/host_authorization.rb:98:in `call'
rack-mini-profiler (2.3.0) lib/mini_profiler/profiler.rb:373:in `call'
webpacker (5.2.1) lib/webpacker/dev_server_proxy.rb:25:in `perform_request'
rack-proxy (0.6.5) lib/rack/proxy.rb:57:in `call'
railties (6.1.1) lib/rails/engine.rb:539:in `call'
puma (5.1.1) lib/puma/configuration.rb:246:in `call'
puma (5.1.1) lib/puma/request.rb:76:in `block in handle_request'
puma (5.1.1) lib/puma/thread_pool.rb:337:in `with_force_shutdown'
puma (5.1.1) lib/puma/request.rb:75:in `handle_request'
puma (5.1.1) lib/puma/server.rb:431:in `process_client'
puma (5.1.1) lib/puma/thread_pool.rb:145:in `block in spawn_thread'
Started GET "/blog" for ::1 at 2021-01-14 17:19:15 -0800
Processing by Blorgh::ArticlesController#index as HTML
  Rendering layout /home/obelich/Git/mi-aprendisaje/Back-end/Ruby/Rails/aprender-generar-engine/blorgh/app/views/layouts/blorgh/application.html.erb
  Rendering /home/obelich/Git/mi-aprendisaje/Back-end/Ruby/Rails/aprender-generar-engine/blorgh/app/views/blorgh/articles/index.html.erb within layouts/blorgh/application
  [1m[36mBlorgh::Article Load (0.1ms)[0m  [1m[34mSELECT "blorgh_articles".* FROM "blorgh_articles"[0m
  Rendered /home/obelich/Git/mi-aprendisaje/Back-end/Ruby/Rails/aprender-generar-engine/blorgh/app/views/blorgh/articles/index.html.erb within layouts/blorgh/application (Duration: 3.1ms | Allocations: 1253)
  Rendered layout /home/obelich/Git/mi-aprendisaje/Back-end/Ruby/Rails/aprender-generar-engine/blorgh/app/views/layouts/blorgh/application.html.erb (Duration: 7.3ms | Allocations: 4317)
Completed 500 Internal Server Error in 8ms (ActiveRecord: 0.1ms | Allocations: 4644)


  
ActionView::Template::Error (blorgh/application.css):
     5:   <%= csrf_meta_tags %>
     6:   <%= csp_meta_tag %>
     7: 
     8:   <%= stylesheet_link_tag    "blorgh/application", media: "all" %>
     9: </head>
    10: <body>
    11: 
  
sprockets-rails (3.2.2) lib/sprockets/rails/helper.rb:372:in `raise_unless_precompiled_asset'
sprockets-rails (3.2.2) lib/sprockets/rails/helper.rb:349:in `find_debug_asset'
sprockets-rails (3.2.2) lib/sprockets/rails/helper.rb:230:in `block in lookup_debug_asset'
sprockets-rails (3.2.2) lib/sprockets/rails/helper.rb:243:in `block in resolve_asset'
sprockets-rails (3.2.2) lib/sprockets/rails/helper.rb:242:in `each'
sprockets-rails (3.2.2) lib/sprockets/rails/helper.rb:242:in `detect'
sprockets-rails (3.2.2) lib/sprockets/rails/helper.rb:242:in `resolve_asset'
sprockets-rails (3.2.2) lib/sprockets/rails/helper.rb:229:in `lookup_debug_asset'
sprockets-rails (3.2.2) lib/sprockets/rails/helper.rb:171:in `block in stylesheet_link_tag'
sprockets-rails (3.2.2) lib/sprockets/rails/helper.rb:170:in `map'
sprockets-rails (3.2.2) lib/sprockets/rails/helper.rb:170:in `stylesheet_link_tag'
/home/obelich/Git/mi-aprendisaje/Back-end/Ruby/Rails/aprender-generar-engine/blorgh/app/views/layouts/blorgh/application.html.erb:8
actionview (6.1.1) lib/action_view/base.rb:247:in `public_send'
actionview (6.1.1) lib/action_view/base.rb:247:in `_run'
actionview (6.1.1) lib/action_view/template.rb:154:in `block in render'
activesupport (6.1.1) lib/active_support/notifications.rb:205:in `instrument'
actionview (6.1.1) lib/action_view/template.rb:345:in `instrument_render_template'
actionview (6.1.1) lib/action_view/template.rb:152:in `render'
actionview (6.1.1) lib/action_view/renderer/template_renderer.rb:72:in `block in render_with_layout'
activesupport (6.1.1) lib/active_support/notifications.rb:203:in `block in instrument'
activesupport (6.1.1) lib/active_support/notifications/instrumenter.rb:24:in `instrument'
activesupport (6.1.1) lib/active_support/notifications.rb:203:in `instrument'
actionview (6.1.1) lib/action_view/renderer/template_renderer.rb:70:in `render_with_layout'
actionview (6.1.1) lib/action_view/renderer/template_renderer.rb:55:in `render_template'
actionview (6.1.1) lib/action_view/renderer/template_renderer.rb:11:in `render'
actionview (6.1.1) lib/action_view/renderer/renderer.rb:61:in `render_template_to_object'
actionview (6.1.1) lib/action_view/renderer/renderer.rb:29:in `render_to_object'
actionview (6.1.1) lib/action_view/rendering.rb:117:in `block in _render_template'
actionview (6.1.1) lib/action_view/base.rb:273:in `in_rendering_context'
actionview (6.1.1) lib/action_view/rendering.rb:116:in `_render_template'
actionpack (6.1.1) lib/action_controller/metal/streaming.rb:218:in `_render_template'
actionview (6.1.1) lib/action_view/rendering.rb:103:in `render_to_body'
actionpack (6.1.1) lib/action_controller/metal/rendering.rb:52:in `render_to_body'
actionpack (6.1.1) lib/action_controller/metal/renderers.rb:142:in `render_to_body'
actionpack (6.1.1) lib/abstract_controller/rendering.rb:25:in `render'
actionpack (6.1.1) lib/action_controller/metal/rendering.rb:36:in `render'
actionpack (6.1.1) lib/action_controller/metal/instrumentation.rb:46:in `block (2 levels) in render'
/home/obelich/.rvm/rubies/ruby-2.7.2/lib/ruby/2.7.0/benchmark.rb:308:in `realtime'
activesupport (6.1.1) lib/active_support/core_ext/benchmark.rb:14:in `ms'
actionpack (6.1.1) lib/action_controller/metal/instrumentation.rb:46:in `block in render'
actionpack (6.1.1) lib/action_controller/metal/instrumentation.rb:86:in `cleanup_view_runtime'
activerecord (6.1.1) lib/active_record/railties/controller_runtime.rb:34:in `cleanup_view_runtime'
actionpack (6.1.1) lib/action_controller/metal/instrumentation.rb:45:in `render'
actionpack (6.1.1) lib/action_controller/metal/implicit_render.rb:35:in `default_render'
actionpack (6.1.1) lib/action_controller/metal/basic_implicit_render.rb:6:in `block in send_action'
actionpack (6.1.1) lib/action_controller/metal/basic_implicit_render.rb:6:in `tap'
actionpack (6.1.1) lib/action_controller/metal/basic_implicit_render.rb:6:in `send_action'
actionpack (6.1.1) lib/abstract_controller/base.rb:228:in `process_action'
actionpack (6.1.1) lib/action_controller/metal/rendering.rb:30:in `process_action'
actionpack (6.1.1) lib/abstract_controller/callbacks.rb:42:in `block in process_action'
activesupport (6.1.1) lib/active_support/callbacks.rb:117:in `block in run_callbacks'
actiontext (6.1.1) lib/action_text/rendering.rb:20:in `with_renderer'
actiontext (6.1.1) lib/action_text/engine.rb:55:in `block (4 levels) in <class:Engine>'
activesupport (6.1.1) lib/active_support/callbacks.rb:126:in `instance_exec'
activesupport (6.1.1) lib/active_support/callbacks.rb:126:in `block in run_callbacks'
activesupport (6.1.1) lib/active_support/callbacks.rb:137:in `run_callbacks'
actionpack (6.1.1) lib/abstract_controller/callbacks.rb:41:in `process_action'
actionpack (6.1.1) lib/action_controller/metal/rescue.rb:22:in `process_action'
actionpack (6.1.1) lib/action_controller/metal/instrumentation.rb:34:in `block in process_action'
activesupport (6.1.1) lib/active_support/notifications.rb:203:in `block in instrument'
activesupport (6.1.1) lib/active_support/notifications/instrumenter.rb:24:in `instrument'
activesupport (6.1.1) lib/active_support/notifications.rb:203:in `instrument'
actionpack (6.1.1) lib/action_controller/metal/instrumentation.rb:33:in `process_action'
actionpack (6.1.1) lib/action_controller/metal/params_wrapper.rb:249:in `process_action'
activerecord (6.1.1) lib/active_record/railties/controller_runtime.rb:27:in `process_action'
actionpack (6.1.1) lib/abstract_controller/base.rb:165:in `process'
actionview (6.1.1) lib/action_view/rendering.rb:39:in `process'
actionpack (6.1.1) lib/action_controller/metal.rb:190:in `dispatch'
actionpack (6.1.1) lib/action_controller/metal.rb:254:in `dispatch'
actionpack (6.1.1) lib/action_dispatch/routing/route_set.rb:50:in `dispatch'
actionpack (6.1.1) lib/action_dispatch/routing/route_set.rb:33:in `serve'
actionpack (6.1.1) lib/action_dispatch/journey/router.rb:50:in `block in serve'
actionpack (6.1.1) lib/action_dispatch/journey/router.rb:32:in `each'
actionpack (6.1.1) lib/action_dispatch/journey/router.rb:32:in `serve'
actionpack (6.1.1) lib/action_dispatch/routing/route_set.rb:842:in `call'
railties (6.1.1) lib/rails/engine.rb:539:in `call'
railties (6.1.1) lib/rails/railtie.rb:207:in `public_send'
railties (6.1.1) lib/rails/railtie.rb:207:in `method_missing'
actionpack (6.1.1) lib/action_dispatch/routing/mapper.rb:20:in `block in <class:Constraints>'
actionpack (6.1.1) lib/action_dispatch/routing/mapper.rb:49:in `serve'
actionpack (6.1.1) lib/action_dispatch/journey/router.rb:50:in `block in serve'
actionpack (6.1.1) lib/action_dispatch/journey/router.rb:32:in `each'
actionpack (6.1.1) lib/action_dispatch/journey/router.rb:32:in `serve'
actionpack (6.1.1) lib/action_dispatch/routing/route_set.rb:842:in `call'
warden (1.2.9) lib/warden/manager.rb:36:in `block in call'
warden (1.2.9) lib/warden/manager.rb:34:in `catch'
warden (1.2.9) lib/warden/manager.rb:34:in `call'
rack (2.2.3) lib/rack/tempfile_reaper.rb:15:in `call'
rack (2.2.3) lib/rack/etag.rb:27:in `call'
rack (2.2.3) lib/rack/conditional_get.rb:27:in `call'
rack (2.2.3) lib/rack/head.rb:12:in `call'
actionpack (6.1.1) lib/action_dispatch/http/permissions_policy.rb:22:in `call'
actionpack (6.1.1) lib/action_dispatch/http/content_security_policy.rb:18:in `call'
rack (2.2.3) lib/rack/session/abstract/id.rb:266:in `context'
rack (2.2.3) lib/rack/session/abstract/id.rb:260:in `call'
actionpack (6.1.1) lib/action_dispatch/middleware/cookies.rb:689:in `call'
activerecord (6.1.1) lib/active_record/migration.rb:601:in `call'
actionpack (6.1.1) lib/action_dispatch/middleware/callbacks.rb:27:in `block in call'
activesupport (6.1.1) lib/active_support/callbacks.rb:98:in `run_callbacks'
actionpack (6.1.1) lib/action_dispatch/middleware/callbacks.rb:26:in `call'
actionpack (6.1.1) lib/action_dispatch/middleware/executor.rb:14:in `call'
actionpack (6.1.1) lib/action_dispatch/middleware/actionable_exceptions.rb:18:in `call'
actionpack (6.1.1) lib/action_dispatch/middleware/debug_exceptions.rb:29:in `call'
web-console (4.1.0) lib/web_console/middleware.rb:132:in `call_app'
web-console (4.1.0) lib/web_console/middleware.rb:28:in `block in call'
web-console (4.1.0) lib/web_console/middleware.rb:17:in `catch'
web-console (4.1.0) lib/web_console/middleware.rb:17:in `call'
actionpack (6.1.1) lib/action_dispatch/middleware/show_exceptions.rb:33:in `call'
railties (6.1.1) lib/rails/rack/logger.rb:37:in `call_app'
railties (6.1.1) lib/rails/rack/logger.rb:26:in `block in call'
activesupport (6.1.1) lib/active_support/tagged_logging.rb:99:in `block in tagged'
activesupport (6.1.1) lib/active_support/tagged_logging.rb:37:in `tagged'
activesupport (6.1.1) lib/active_support/tagged_logging.rb:99:in `tagged'
railties (6.1.1) lib/rails/rack/logger.rb:26:in `call'
sprockets-rails (3.2.2) lib/sprockets/rails/quiet_assets.rb:13:in `call'
actionpack (6.1.1) lib/action_dispatch/middleware/remote_ip.rb:81:in `call'
actionpack (6.1.1) lib/action_dispatch/middleware/request_id.rb:26:in `call'
rack (2.2.3) lib/rack/method_override.rb:24:in `call'
rack (2.2.3) lib/rack/runtime.rb:22:in `call'
activesupport (6.1.1) lib/active_support/cache/strategy/local_cache_middleware.rb:29:in `call'
actionpack (6.1.1) lib/action_dispatch/middleware/executor.rb:14:in `call'
actionpack (6.1.1) lib/action_dispatch/middleware/static.rb:24:in `call'
rack (2.2.3) lib/rack/sendfile.rb:110:in `call'
actionpack (6.1.1) lib/action_dispatch/middleware/host_authorization.rb:98:in `call'
rack-mini-profiler (2.3.0) lib/mini_profiler/profiler.rb:373:in `call'
webpacker (5.2.1) lib/webpacker/dev_server_proxy.rb:25:in `perform_request'
rack-proxy (0.6.5) lib/rack/proxy.rb:57:in `call'
railties (6.1.1) lib/rails/engine.rb:539:in `call'
puma (5.1.1) lib/puma/configuration.rb:246:in `call'
puma (5.1.1) lib/puma/request.rb:76:in `block in handle_request'
puma (5.1.1) lib/puma/thread_pool.rb:337:in `with_force_shutdown'
puma (5.1.1) lib/puma/request.rb:75:in `handle_request'
puma (5.1.1) lib/puma/server.rb:431:in `process_client'
puma (5.1.1) lib/puma/thread_pool.rb:145:in `block in spawn_thread'
Started GET "/blog" for ::1 at 2021-01-14 17:19:17 -0800
Processing by Blorgh::ArticlesController#index as HTML
  Rendering layout /home/obelich/Git/mi-aprendisaje/Back-end/Ruby/Rails/aprender-generar-engine/blorgh/app/views/layouts/blorgh/application.html.erb
  Rendering /home/obelich/Git/mi-aprendisaje/Back-end/Ruby/Rails/aprender-generar-engine/blorgh/app/views/blorgh/articles/index.html.erb within layouts/blorgh/application
  [1m[36mBlorgh::Article Load (0.1ms)[0m  [1m[34mSELECT "blorgh_articles".* FROM "blorgh_articles"[0m
  Rendered /home/obelich/Git/mi-aprendisaje/Back-end/Ruby/Rails/aprender-generar-engine/blorgh/app/views/blorgh/articles/index.html.erb within layouts/blorgh/application (Duration: 2.0ms | Allocations: 1248)
  Rendered layout /home/obelich/Git/mi-aprendisaje/Back-end/Ruby/Rails/aprender-generar-engine/blorgh/app/views/layouts/blorgh/application.html.erb (Duration: 7.5ms | Allocations: 4307)
Completed 500 Internal Server Error in 8ms (ActiveRecord: 0.1ms | Allocations: 4639)


  
ActionView::Template::Error (blorgh/application.css):
     5:   <%= csrf_meta_tags %>
     6:   <%= csp_meta_tag %>
     7: 
     8:   <%= stylesheet_link_tag    "blorgh/application", media: "all" %>
     9: </head>
    10: <body>
    11: 
  
sprockets-rails (3.2.2) lib/sprockets/rails/helper.rb:372:in `raise_unless_precompiled_asset'
sprockets-rails (3.2.2) lib/sprockets/rails/helper.rb:349:in `find_debug_asset'
sprockets-rails (3.2.2) lib/sprockets/rails/helper.rb:230:in `block in lookup_debug_asset'
sprockets-rails (3.2.2) lib/sprockets/rails/helper.rb:243:in `block in resolve_asset'
sprockets-rails (3.2.2) lib/sprockets/rails/helper.rb:242:in `each'
sprockets-rails (3.2.2) lib/sprockets/rails/helper.rb:242:in `detect'
sprockets-rails (3.2.2) lib/sprockets/rails/helper.rb:242:in `resolve_asset'
sprockets-rails (3.2.2) lib/sprockets/rails/helper.rb:229:in `lookup_debug_asset'
sprockets-rails (3.2.2) lib/sprockets/rails/helper.rb:171:in `block in stylesheet_link_tag'
sprockets-rails (3.2.2) lib/sprockets/rails/helper.rb:170:in `map'
sprockets-rails (3.2.2) lib/sprockets/rails/helper.rb:170:in `stylesheet_link_tag'
/home/obelich/Git/mi-aprendisaje/Back-end/Ruby/Rails/aprender-generar-engine/blorgh/app/views/layouts/blorgh/application.html.erb:8
actionview (6.1.1) lib/action_view/base.rb:247:in `public_send'
actionview (6.1.1) lib/action_view/base.rb:247:in `_run'
actionview (6.1.1) lib/action_view/template.rb:154:in `block in render'
activesupport (6.1.1) lib/active_support/notifications.rb:205:in `instrument'
actionview (6.1.1) lib/action_view/template.rb:345:in `instrument_render_template'
actionview (6.1.1) lib/action_view/template.rb:152:in `render'
actionview (6.1.1) lib/action_view/renderer/template_renderer.rb:72:in `block in render_with_layout'
activesupport (6.1.1) lib/active_support/notifications.rb:203:in `block in instrument'
activesupport (6.1.1) lib/active_support/notifications/instrumenter.rb:24:in `instrument'
activesupport (6.1.1) lib/active_support/notifications.rb:203:in `instrument'
actionview (6.1.1) lib/action_view/renderer/template_renderer.rb:70:in `render_with_layout'
actionview (6.1.1) lib/action_view/renderer/template_renderer.rb:55:in `render_template'
actionview (6.1.1) lib/action_view/renderer/template_renderer.rb:11:in `render'
actionview (6.1.1) lib/action_view/renderer/renderer.rb:61:in `render_template_to_object'
actionview (6.1.1) lib/action_view/renderer/renderer.rb:29:in `render_to_object'
actionview (6.1.1) lib/action_view/rendering.rb:117:in `block in _render_template'
actionview (6.1.1) lib/action_view/base.rb:273:in `in_rendering_context'
actionview (6.1.1) lib/action_view/rendering.rb:116:in `_render_template'
actionpack (6.1.1) lib/action_controller/metal/streaming.rb:218:in `_render_template'
actionview (6.1.1) lib/action_view/rendering.rb:103:in `render_to_body'
actionpack (6.1.1) lib/action_controller/metal/rendering.rb:52:in `render_to_body'
actionpack (6.1.1) lib/action_controller/metal/renderers.rb:142:in `render_to_body'
actionpack (6.1.1) lib/abstract_controller/rendering.rb:25:in `render'
actionpack (6.1.1) lib/action_controller/metal/rendering.rb:36:in `render'
actionpack (6.1.1) lib/action_controller/metal/instrumentation.rb:46:in `block (2 levels) in render'
/home/obelich/.rvm/rubies/ruby-2.7.2/lib/ruby/2.7.0/benchmark.rb:308:in `realtime'
activesupport (6.1.1) lib/active_support/core_ext/benchmark.rb:14:in `ms'
actionpack (6.1.1) lib/action_controller/metal/instrumentation.rb:46:in `block in render'
actionpack (6.1.1) lib/action_controller/metal/instrumentation.rb:86:in `cleanup_view_runtime'
activerecord (6.1.1) lib/active_record/railties/controller_runtime.rb:34:in `cleanup_view_runtime'
actionpack (6.1.1) lib/action_controller/metal/instrumentation.rb:45:in `render'
actionpack (6.1.1) lib/action_controller/metal/implicit_render.rb:35:in `default_render'
actionpack (6.1.1) lib/action_controller/metal/basic_implicit_render.rb:6:in `block in send_action'
actionpack (6.1.1) lib/action_controller/metal/basic_implicit_render.rb:6:in `tap'
actionpack (6.1.1) lib/action_controller/metal/basic_implicit_render.rb:6:in `send_action'
actionpack (6.1.1) lib/abstract_controller/base.rb:228:in `process_action'
actionpack (6.1.1) lib/action_controller/metal/rendering.rb:30:in `process_action'
actionpack (6.1.1) lib/abstract_controller/callbacks.rb:42:in `block in process_action'
activesupport (6.1.1) lib/active_support/callbacks.rb:117:in `block in run_callbacks'
actiontext (6.1.1) lib/action_text/rendering.rb:20:in `with_renderer'
actiontext (6.1.1) lib/action_text/engine.rb:55:in `block (4 levels) in <class:Engine>'
activesupport (6.1.1) lib/active_support/callbacks.rb:126:in `instance_exec'
activesupport (6.1.1) lib/active_support/callbacks.rb:126:in `block in run_callbacks'
activesupport (6.1.1) lib/active_support/callbacks.rb:137:in `run_callbacks'
actionpack (6.1.1) lib/abstract_controller/callbacks.rb:41:in `process_action'
actionpack (6.1.1) lib/action_controller/metal/rescue.rb:22:in `process_action'
actionpack (6.1.1) lib/action_controller/metal/instrumentation.rb:34:in `block in process_action'
activesupport (6.1.1) lib/active_support/notifications.rb:203:in `block in instrument'
activesupport (6.1.1) lib/active_support/notifications/instrumenter.rb:24:in `instrument'
activesupport (6.1.1) lib/active_support/notifications.rb:203:in `instrument'
actionpack (6.1.1) lib/action_controller/metal/instrumentation.rb:33:in `process_action'
actionpack (6.1.1) lib/action_controller/metal/params_wrapper.rb:249:in `process_action'
activerecord (6.1.1) lib/active_record/railties/controller_runtime.rb:27:in `process_action'
actionpack (6.1.1) lib/abstract_controller/base.rb:165:in `process'
actionview (6.1.1) lib/action_view/rendering.rb:39:in `process'
actionpack (6.1.1) lib/action_controller/metal.rb:190:in `dispatch'
actionpack (6.1.1) lib/action_controller/metal.rb:254:in `dispatch'
actionpack (6.1.1) lib/action_dispatch/routing/route_set.rb:50:in `dispatch'
actionpack (6.1.1) lib/action_dispatch/routing/route_set.rb:33:in `serve'
actionpack (6.1.1) lib/action_dispatch/journey/router.rb:50:in `block in serve'
actionpack (6.1.1) lib/action_dispatch/journey/router.rb:32:in `each'
actionpack (6.1.1) lib/action_dispatch/journey/router.rb:32:in `serve'
actionpack (6.1.1) lib/action_dispatch/routing/route_set.rb:842:in `call'
railties (6.1.1) lib/rails/engine.rb:539:in `call'
railties (6.1.1) lib/rails/railtie.rb:207:in `public_send'
railties (6.1.1) lib/rails/railtie.rb:207:in `method_missing'
actionpack (6.1.1) lib/action_dispatch/routing/mapper.rb:20:in `block in <class:Constraints>'
actionpack (6.1.1) lib/action_dispatch/routing/mapper.rb:49:in `serve'
actionpack (6.1.1) lib/action_dispatch/journey/router.rb:50:in `block in serve'
actionpack (6.1.1) lib/action_dispatch/journey/router.rb:32:in `each'
actionpack (6.1.1) lib/action_dispatch/journey/router.rb:32:in `serve'
actionpack (6.1.1) lib/action_dispatch/routing/route_set.rb:842:in `call'
warden (1.2.9) lib/warden/manager.rb:36:in `block in call'
warden (1.2.9) lib/warden/manager.rb:34:in `catch'
warden (1.2.9) lib/warden/manager.rb:34:in `call'
rack (2.2.3) lib/rack/tempfile_reaper.rb:15:in `call'
rack (2.2.3) lib/rack/etag.rb:27:in `call'
rack (2.2.3) lib/rack/conditional_get.rb:27:in `call'
rack (2.2.3) lib/rack/head.rb:12:in `call'
actionpack (6.1.1) lib/action_dispatch/http/permissions_policy.rb:22:in `call'
actionpack (6.1.1) lib/action_dispatch/http/content_security_policy.rb:18:in `call'
rack (2.2.3) lib/rack/session/abstract/id.rb:266:in `context'
rack (2.2.3) lib/rack/session/abstract/id.rb:260:in `call'
actionpack (6.1.1) lib/action_dispatch/middleware/cookies.rb:689:in `call'
activerecord (6.1.1) lib/active_record/migration.rb:601:in `call'
actionpack (6.1.1) lib/action_dispatch/middleware/callbacks.rb:27:in `block in call'
activesupport (6.1.1) lib/active_support/callbacks.rb:98:in `run_callbacks'
actionpack (6.1.1) lib/action_dispatch/middleware/callbacks.rb:26:in `call'
actionpack (6.1.1) lib/action_dispatch/middleware/executor.rb:14:in `call'
actionpack (6.1.1) lib/action_dispatch/middleware/actionable_exceptions.rb:18:in `call'
actionpack (6.1.1) lib/action_dispatch/middleware/debug_exceptions.rb:29:in `call'
web-console (4.1.0) lib/web_console/middleware.rb:132:in `call_app'
web-console (4.1.0) lib/web_console/middleware.rb:28:in `block in call'
web-console (4.1.0) lib/web_console/middleware.rb:17:in `catch'
web-console (4.1.0) lib/web_console/middleware.rb:17:in `call'
actionpack (6.1.1) lib/action_dispatch/middleware/show_exceptions.rb:33:in `call'
railties (6.1.1) lib/rails/rack/logger.rb:37:in `call_app'
railties (6.1.1) lib/rails/rack/logger.rb:26:in `block in call'
activesupport (6.1.1) lib/active_support/tagged_logging.rb:99:in `block in tagged'
activesupport (6.1.1) lib/active_support/tagged_logging.rb:37:in `tagged'
activesupport (6.1.1) lib/active_support/tagged_logging.rb:99:in `tagged'
railties (6.1.1) lib/rails/rack/logger.rb:26:in `call'
sprockets-rails (3.2.2) lib/sprockets/rails/quiet_assets.rb:13:in `call'
actionpack (6.1.1) lib/action_dispatch/middleware/remote_ip.rb:81:in `call'
actionpack (6.1.1) lib/action_dispatch/middleware/request_id.rb:26:in `call'
rack (2.2.3) lib/rack/method_override.rb:24:in `call'
rack (2.2.3) lib/rack/runtime.rb:22:in `call'
activesupport (6.1.1) lib/active_support/cache/strategy/local_cache_middleware.rb:29:in `call'
actionpack (6.1.1) lib/action_dispatch/middleware/executor.rb:14:in `call'
actionpack (6.1.1) lib/action_dispatch/middleware/static.rb:24:in `call'
rack (2.2.3) lib/rack/sendfile.rb:110:in `call'
actionpack (6.1.1) lib/action_dispatch/middleware/host_authorization.rb:98:in `call'
rack-mini-profiler (2.3.0) lib/mini_profiler/profiler.rb:373:in `call'
webpacker (5.2.1) lib/webpacker/dev_server_proxy.rb:25:in `perform_request'
rack-proxy (0.6.5) lib/rack/proxy.rb:57:in `call'
railties (6.1.1) lib/rails/engine.rb:539:in `call'
puma (5.1.1) lib/puma/configuration.rb:246:in `call'
puma (5.1.1) lib/puma/request.rb:76:in `block in handle_request'
puma (5.1.1) lib/puma/thread_pool.rb:337:in `with_force_shutdown'
puma (5.1.1) lib/puma/request.rb:75:in `handle_request'
puma (5.1.1) lib/puma/server.rb:431:in `process_client'
puma (5.1.1) lib/puma/thread_pool.rb:145:in `block in spawn_thread'
Started GET "/blog" for ::1 at 2021-01-14 17:19:20 -0800
Processing by Blorgh::ArticlesController#index as HTML
  Rendering layout /home/obelich/Git/mi-aprendisaje/Back-end/Ruby/Rails/aprender-generar-engine/blorgh/app/views/layouts/blorgh/application.html.erb
  Rendering /home/obelich/Git/mi-aprendisaje/Back-end/Ruby/Rails/aprender-generar-engine/blorgh/app/views/blorgh/articles/index.html.erb within layouts/blorgh/application
  [1m[36mBlorgh::Article Load (0.2ms)[0m  [1m[34mSELECT "blorgh_articles".* FROM "blorgh_articles"[0m
  Rendered /home/obelich/Git/mi-aprendisaje/Back-end/Ruby/Rails/aprender-generar-engine/blorgh/app/views/blorgh/articles/index.html.erb within layouts/blorgh/application (Duration: 9.5ms | Allocations: 1248)
  Rendered layout /home/obelich/Git/mi-aprendisaje/Back-end/Ruby/Rails/aprender-generar-engine/blorgh/app/views/layouts/blorgh/application.html.erb (Duration: 21.7ms | Allocations: 4307)
Completed 500 Internal Server Error in 23ms (ActiveRecord: 0.2ms | Allocations: 4633)


  
ActionView::Template::Error (blorgh/application.css):
     5:   <%= csrf_meta_tags %>
     6:   <%= csp_meta_tag %>
     7: 
     8:   <%= stylesheet_link_tag    "blorgh/application", media: "all" %>
     9: </head>
    10: <body>
    11: 
  
sprockets-rails (3.2.2) lib/sprockets/rails/helper.rb:372:in `raise_unless_precompiled_asset'
sprockets-rails (3.2.2) lib/sprockets/rails/helper.rb:349:in `find_debug_asset'
sprockets-rails (3.2.2) lib/sprockets/rails/helper.rb:230:in `block in lookup_debug_asset'
sprockets-rails (3.2.2) lib/sprockets/rails/helper.rb:243:in `block in resolve_asset'
sprockets-rails (3.2.2) lib/sprockets/rails/helper.rb:242:in `each'
sprockets-rails (3.2.2) lib/sprockets/rails/helper.rb:242:in `detect'
sprockets-rails (3.2.2) lib/sprockets/rails/helper.rb:242:in `resolve_asset'
sprockets-rails (3.2.2) lib/sprockets/rails/helper.rb:229:in `lookup_debug_asset'
sprockets-rails (3.2.2) lib/sprockets/rails/helper.rb:171:in `block in stylesheet_link_tag'
sprockets-rails (3.2.2) lib/sprockets/rails/helper.rb:170:in `map'
sprockets-rails (3.2.2) lib/sprockets/rails/helper.rb:170:in `stylesheet_link_tag'
/home/obelich/Git/mi-aprendisaje/Back-end/Ruby/Rails/aprender-generar-engine/blorgh/app/views/layouts/blorgh/application.html.erb:8
actionview (6.1.1) lib/action_view/base.rb:247:in `public_send'
actionview (6.1.1) lib/action_view/base.rb:247:in `_run'
actionview (6.1.1) lib/action_view/template.rb:154:in `block in render'
activesupport (6.1.1) lib/active_support/notifications.rb:205:in `instrument'
actionview (6.1.1) lib/action_view/template.rb:345:in `instrument_render_template'
actionview (6.1.1) lib/action_view/template.rb:152:in `render'
actionview (6.1.1) lib/action_view/renderer/template_renderer.rb:72:in `block in render_with_layout'
activesupport (6.1.1) lib/active_support/notifications.rb:203:in `block in instrument'
activesupport (6.1.1) lib/active_support/notifications/instrumenter.rb:24:in `instrument'
activesupport (6.1.1) lib/active_support/notifications.rb:203:in `instrument'
actionview (6.1.1) lib/action_view/renderer/template_renderer.rb:70:in `render_with_layout'
actionview (6.1.1) lib/action_view/renderer/template_renderer.rb:55:in `render_template'
actionview (6.1.1) lib/action_view/renderer/template_renderer.rb:11:in `render'
actionview (6.1.1) lib/action_view/renderer/renderer.rb:61:in `render_template_to_object'
actionview (6.1.1) lib/action_view/renderer/renderer.rb:29:in `render_to_object'
actionview (6.1.1) lib/action_view/rendering.rb:117:in `block in _render_template'
actionview (6.1.1) lib/action_view/base.rb:273:in `in_rendering_context'
actionview (6.1.1) lib/action_view/rendering.rb:116:in `_render_template'
actionpack (6.1.1) lib/action_controller/metal/streaming.rb:218:in `_render_template'
actionview (6.1.1) lib/action_view/rendering.rb:103:in `render_to_body'
actionpack (6.1.1) lib/action_controller/metal/rendering.rb:52:in `render_to_body'
actionpack (6.1.1) lib/action_controller/metal/renderers.rb:142:in `render_to_body'
actionpack (6.1.1) lib/abstract_controller/rendering.rb:25:in `render'
actionpack (6.1.1) lib/action_controller/metal/rendering.rb:36:in `render'
actionpack (6.1.1) lib/action_controller/metal/instrumentation.rb:46:in `block (2 levels) in render'
/home/obelich/.rvm/rubies/ruby-2.7.2/lib/ruby/2.7.0/benchmark.rb:308:in `realtime'
activesupport (6.1.1) lib/active_support/core_ext/benchmark.rb:14:in `ms'
actionpack (6.1.1) lib/action_controller/metal/instrumentation.rb:46:in `block in render'
actionpack (6.1.1) lib/action_controller/metal/instrumentation.rb:86:in `cleanup_view_runtime'
activerecord (6.1.1) lib/active_record/railties/controller_runtime.rb:34:in `cleanup_view_runtime'
actionpack (6.1.1) lib/action_controller/metal/instrumentation.rb:45:in `render'
actionpack (6.1.1) lib/action_controller/metal/implicit_render.rb:35:in `default_render'
actionpack (6.1.1) lib/action_controller/metal/basic_implicit_render.rb:6:in `block in send_action'
actionpack (6.1.1) lib/action_controller/metal/basic_implicit_render.rb:6:in `tap'
actionpack (6.1.1) lib/action_controller/metal/basic_implicit_render.rb:6:in `send_action'
actionpack (6.1.1) lib/abstract_controller/base.rb:228:in `process_action'
actionpack (6.1.1) lib/action_controller/metal/rendering.rb:30:in `process_action'
actionpack (6.1.1) lib/abstract_controller/callbacks.rb:42:in `block in process_action'
activesupport (6.1.1) lib/active_support/callbacks.rb:117:in `block in run_callbacks'
actiontext (6.1.1) lib/action_text/rendering.rb:20:in `with_renderer'
actiontext (6.1.1) lib/action_text/engine.rb:55:in `block (4 levels) in <class:Engine>'
activesupport (6.1.1) lib/active_support/callbacks.rb:126:in `instance_exec'
activesupport (6.1.1) lib/active_support/callbacks.rb:126:in `block in run_callbacks'
activesupport (6.1.1) lib/active_support/callbacks.rb:137:in `run_callbacks'
actionpack (6.1.1) lib/abstract_controller/callbacks.rb:41:in `process_action'
actionpack (6.1.1) lib/action_controller/metal/rescue.rb:22:in `process_action'
actionpack (6.1.1) lib/action_controller/metal/instrumentation.rb:34:in `block in process_action'
activesupport (6.1.1) lib/active_support/notifications.rb:203:in `block in instrument'
activesupport (6.1.1) lib/active_support/notifications/instrumenter.rb:24:in `instrument'
activesupport (6.1.1) lib/active_support/notifications.rb:203:in `instrument'
actionpack (6.1.1) lib/action_controller/metal/instrumentation.rb:33:in `process_action'
actionpack (6.1.1) lib/action_controller/metal/params_wrapper.rb:249:in `process_action'
activerecord (6.1.1) lib/active_record/railties/controller_runtime.rb:27:in `process_action'
actionpack (6.1.1) lib/abstract_controller/base.rb:165:in `process'
actionview (6.1.1) lib/action_view/rendering.rb:39:in `process'
actionpack (6.1.1) lib/action_controller/metal.rb:190:in `dispatch'
actionpack (6.1.1) lib/action_controller/metal.rb:254:in `dispatch'
actionpack (6.1.1) lib/action_dispatch/routing/route_set.rb:50:in `dispatch'
actionpack (6.1.1) lib/action_dispatch/routing/route_set.rb:33:in `serve'
actionpack (6.1.1) lib/action_dispatch/journey/router.rb:50:in `block in serve'
actionpack (6.1.1) lib/action_dispatch/journey/router.rb:32:in `each'
actionpack (6.1.1) lib/action_dispatch/journey/router.rb:32:in `serve'
actionpack (6.1.1) lib/action_dispatch/routing/route_set.rb:842:in `call'
railties (6.1.1) lib/rails/engine.rb:539:in `call'
railties (6.1.1) lib/rails/railtie.rb:207:in `public_send'
railties (6.1.1) lib/rails/railtie.rb:207:in `method_missing'
actionpack (6.1.1) lib/action_dispatch/routing/mapper.rb:20:in `block in <class:Constraints>'
actionpack (6.1.1) lib/action_dispatch/routing/mapper.rb:49:in `serve'
actionpack (6.1.1) lib/action_dispatch/journey/router.rb:50:in `block in serve'
actionpack (6.1.1) lib/action_dispatch/journey/router.rb:32:in `each'
actionpack (6.1.1) lib/action_dispatch/journey/router.rb:32:in `serve'
actionpack (6.1.1) lib/action_dispatch/routing/route_set.rb:842:in `call'
warden (1.2.9) lib/warden/manager.rb:36:in `block in call'
warden (1.2.9) lib/warden/manager.rb:34:in `catch'
warden (1.2.9) lib/warden/manager.rb:34:in `call'
rack (2.2.3) lib/rack/tempfile_reaper.rb:15:in `call'
rack (2.2.3) lib/rack/etag.rb:27:in `call'
rack (2.2.3) lib/rack/conditional_get.rb:27:in `call'
rack (2.2.3) lib/rack/head.rb:12:in `call'
actionpack (6.1.1) lib/action_dispatch/http/permissions_policy.rb:22:in `call'
actionpack (6.1.1) lib/action_dispatch/http/content_security_policy.rb:18:in `call'
rack (2.2.3) lib/rack/session/abstract/id.rb:266:in `context'
rack (2.2.3) lib/rack/session/abstract/id.rb:260:in `call'
actionpack (6.1.1) lib/action_dispatch/middleware/cookies.rb:689:in `call'
activerecord (6.1.1) lib/active_record/migration.rb:601:in `call'
actionpack (6.1.1) lib/action_dispatch/middleware/callbacks.rb:27:in `block in call'
activesupport (6.1.1) lib/active_support/callbacks.rb:98:in `run_callbacks'
actionpack (6.1.1) lib/action_dispatch/middleware/callbacks.rb:26:in `call'
actionpack (6.1.1) lib/action_dispatch/middleware/executor.rb:14:in `call'
actionpack (6.1.1) lib/action_dispatch/middleware/actionable_exceptions.rb:18:in `call'
actionpack (6.1.1) lib/action_dispatch/middleware/debug_exceptions.rb:29:in `call'
web-console (4.1.0) lib/web_console/middleware.rb:132:in `call_app'
web-console (4.1.0) lib/web_console/middleware.rb:28:in `block in call'
web-console (4.1.0) lib/web_console/middleware.rb:17:in `catch'
web-console (4.1.0) lib/web_console/middleware.rb:17:in `call'
actionpack (6.1.1) lib/action_dispatch/middleware/show_exceptions.rb:33:in `call'
railties (6.1.1) lib/rails/rack/logger.rb:37:in `call_app'
railties (6.1.1) lib/rails/rack/logger.rb:26:in `block in call'
activesupport (6.1.1) lib/active_support/tagged_logging.rb:99:in `block in tagged'
activesupport (6.1.1) lib/active_support/tagged_logging.rb:37:in `tagged'
activesupport (6.1.1) lib/active_support/tagged_logging.rb:99:in `tagged'
railties (6.1.1) lib/rails/rack/logger.rb:26:in `call'
sprockets-rails (3.2.2) lib/sprockets/rails/quiet_assets.rb:13:in `call'
actionpack (6.1.1) lib/action_dispatch/middleware/remote_ip.rb:81:in `call'
actionpack (6.1.1) lib/action_dispatch/middleware/request_id.rb:26:in `call'
rack (2.2.3) lib/rack/method_override.rb:24:in `call'
rack (2.2.3) lib/rack/runtime.rb:22:in `call'
activesupport (6.1.1) lib/active_support/cache/strategy/local_cache_middleware.rb:29:in `call'
actionpack (6.1.1) lib/action_dispatch/middleware/executor.rb:14:in `call'
actionpack (6.1.1) lib/action_dispatch/middleware/static.rb:24:in `call'
rack (2.2.3) lib/rack/sendfile.rb:110:in `call'
actionpack (6.1.1) lib/action_dispatch/middleware/host_authorization.rb:98:in `call'
rack-mini-profiler (2.3.0) lib/mini_profiler/profiler.rb:373:in `call'
webpacker (5.2.1) lib/webpacker/dev_server_proxy.rb:25:in `perform_request'
rack-proxy (0.6.5) lib/rack/proxy.rb:57:in `call'
railties (6.1.1) lib/rails/engine.rb:539:in `call'
puma (5.1.1) lib/puma/configuration.rb:246:in `call'
puma (5.1.1) lib/puma/request.rb:76:in `block in handle_request'
puma (5.1.1) lib/puma/thread_pool.rb:337:in `with_force_shutdown'
puma (5.1.1) lib/puma/request.rb:75:in `handle_request'
puma (5.1.1) lib/puma/server.rb:431:in `process_client'
puma (5.1.1) lib/puma/thread_pool.rb:145:in `block in spawn_thread'
  [1m[35m (0.5ms)[0m  [1m[34mSELECT sqlite_version(*)[0m
  [1m[35m (0.1ms)[0m  [1m[34mSELECT "schema_migrations"."version" FROM "schema_migrations" ORDER BY "schema_migrations"."version" ASC[0m
  [1m[36mActiveRecord::InternalMetadata Load (0.2ms)[0m  [1m[34mSELECT "ar_internal_metadata".* FROM "ar_internal_metadata" WHERE "ar_internal_metadata"."key" = ? LIMIT ?[0m  [["key", "environment"], ["LIMIT", 1]]
  [1m[35m (0.0ms)[0m  [1m[34mSELECT sqlite_version(*)[0m
  [1m[35m (0.1ms)[0m  [1m[34mSELECT "schema_migrations"."version" FROM "schema_migrations" ORDER BY "schema_migrations"."version" ASC[0m
Started GET "/blog" for ::1 at 2021-01-14 17:24:40 -0800
  [1m[35m (0.5ms)[0m  [1m[34mSELECT sqlite_version(*)[0m
  [1m[35m (0.1ms)[0m  [1m[34mSELECT "schema_migrations"."version" FROM "schema_migrations" ORDER BY "schema_migrations"."version" ASC[0m
  [1m[35mCACHE  (0.0ms)[0m  [1m[34mSELECT "schema_migrations"."version" FROM "schema_migrations" ORDER BY "schema_migrations"."version" ASC[0m
  
ActiveRecord::PendingMigrationError (

Migrations are pending. To resolve this issue, run:

        bin/rails db:migrate RAILS_ENV=development

You have 3 pending migrations:

20210115011952_create_active_storage_tables.active_storage.rb
20210115011953_create_action_mailbox_tables.action_mailbox.rb
20210115011954_create_action_text_tables.action_text.rb


):
  
activerecord (6.1.1) lib/active_record/migration.rb:625:in `check_pending!'
activerecord (6.1.1) lib/active_record/migration.rb:590:in `block (2 levels) in call'
activesupport (6.1.1) lib/active_support/evented_file_update_checker.rb:59:in `execute'
activerecord (6.1.1) lib/active_record/migration.rb:595:in `block in call'
activerecord (6.1.1) lib/active_record/migration.rb:587:in `synchronize'
activerecord (6.1.1) lib/active_record/migration.rb:587:in `call'
actionpack (6.1.1) lib/action_dispatch/middleware/callbacks.rb:27:in `block in call'
activesupport (6.1.1) lib/active_support/callbacks.rb:98:in `run_callbacks'
actionpack (6.1.1) lib/action_dispatch/middleware/callbacks.rb:26:in `call'
actionpack (6.1.1) lib/action_dispatch/middleware/executor.rb:14:in `call'
actionpack (6.1.1) lib/action_dispatch/middleware/actionable_exceptions.rb:18:in `call'
actionpack (6.1.1) lib/action_dispatch/middleware/debug_exceptions.rb:29:in `call'
web-console (4.1.0) lib/web_console/middleware.rb:132:in `call_app'
web-console (4.1.0) lib/web_console/middleware.rb:28:in `block in call'
web-console (4.1.0) lib/web_console/middleware.rb:17:in `catch'
web-console (4.1.0) lib/web_console/middleware.rb:17:in `call'
actionpack (6.1.1) lib/action_dispatch/middleware/show_exceptions.rb:33:in `call'
railties (6.1.1) lib/rails/rack/logger.rb:37:in `call_app'
railties (6.1.1) lib/rails/rack/logger.rb:26:in `block in call'
activesupport (6.1.1) lib/active_support/tagged_logging.rb:99:in `block in tagged'
activesupport (6.1.1) lib/active_support/tagged_logging.rb:37:in `tagged'
activesupport (6.1.1) lib/active_support/tagged_logging.rb:99:in `tagged'
railties (6.1.1) lib/rails/rack/logger.rb:26:in `call'
sprockets-rails (3.2.2) lib/sprockets/rails/quiet_assets.rb:13:in `call'
actionpack (6.1.1) lib/action_dispatch/middleware/remote_ip.rb:81:in `call'
actionpack (6.1.1) lib/action_dispatch/middleware/request_id.rb:26:in `call'
rack (2.2.3) lib/rack/method_override.rb:24:in `call'
rack (2.2.3) lib/rack/runtime.rb:22:in `call'
activesupport (6.1.1) lib/active_support/cache/strategy/local_cache_middleware.rb:29:in `call'
actionpack (6.1.1) lib/action_dispatch/middleware/executor.rb:14:in `call'
actionpack (6.1.1) lib/action_dispatch/middleware/static.rb:24:in `call'
rack (2.2.3) lib/rack/sendfile.rb:110:in `call'
actionpack (6.1.1) lib/action_dispatch/middleware/host_authorization.rb:98:in `call'
rack-mini-profiler (2.3.0) lib/mini_profiler/profiler.rb:373:in `call'
webpacker (5.2.1) lib/webpacker/dev_server_proxy.rb:25:in `perform_request'
rack-proxy (0.6.5) lib/rack/proxy.rb:57:in `call'
railties (6.1.1) lib/rails/engine.rb:539:in `call'
puma (5.1.1) lib/puma/configuration.rb:246:in `call'
puma (5.1.1) lib/puma/request.rb:76:in `block in handle_request'
puma (5.1.1) lib/puma/thread_pool.rb:337:in `with_force_shutdown'
puma (5.1.1) lib/puma/request.rb:75:in `handle_request'
puma (5.1.1) lib/puma/server.rb:431:in `process_client'
puma (5.1.1) lib/puma/thread_pool.rb:145:in `block in spawn_thread'
  [1m[35m (0.5ms)[0m  [1m[34mSELECT sqlite_version(*)[0m
  [1m[35m (0.1ms)[0m  [1m[34mSELECT "schema_migrations"."version" FROM "schema_migrations" ORDER BY "schema_migrations"."version" ASC[0m
Migrating to CreateActiveStorageTables (20210115011952)
  [1m[36mTRANSACTION (0.0ms)[0m  [1m[36mbegin transaction[0m
  [1m[35m (0.2ms)[0m  [1m[35mCREATE TABLE "active_storage_blobs" ("id" integer PRIMARY KEY AUTOINCREMENT NOT NULL, "key" varchar NOT NULL, "filename" varchar NOT NULL, "content_type" varchar, "metadata" text, "service_name" varchar NOT NULL, "byte_size" bigint NOT NULL, "checksum" varchar NOT NULL, "created_at" datetime NOT NULL)[0m
  [1m[35m (0.1ms)[0m  [1m[35mCREATE UNIQUE INDEX "index_active_storage_blobs_on_key" ON "active_storage_blobs" ("key")[0m
  [1m[35m (0.1ms)[0m  [1m[35mCREATE TABLE "active_storage_attachments" ("id" integer PRIMARY KEY AUTOINCREMENT NOT NULL, "name" varchar NOT NULL, "record_type" varchar NOT NULL, "record_id" integer NOT NULL, "blob_id" integer NOT NULL, "created_at" datetime NOT NULL, CONSTRAINT "fk_rails_c3b3935057"
FOREIGN KEY ("blob_id")
  REFERENCES "active_storage_blobs" ("id")
)[0m
  [1m[35m (0.1ms)[0m  [1m[35mCREATE INDEX "index_active_storage_attachments_on_blob_id" ON "active_storage_attachments" ("blob_id")[0m
  [1m[35m (0.1ms)[0m  [1m[35mCREATE UNIQUE INDEX "index_active_storage_attachments_uniqueness" ON "active_storage_attachments" ("record_type", "record_id", "name", "blob_id")[0m
  [1m[35m (0.1ms)[0m  [1m[35mCREATE TABLE "active_storage_variant_records" ("id" integer PRIMARY KEY AUTOINCREMENT NOT NULL, "blob_id" integer NOT NULL, "variation_digest" varchar NOT NULL, CONSTRAINT "fk_rails_993965df05"
FOREIGN KEY ("blob_id")
  REFERENCES "active_storage_blobs" ("id")
)[0m
  [1m[35m (0.1ms)[0m  [1m[35mCREATE UNIQUE INDEX "index_active_storage_variant_records_uniqueness" ON "active_storage_variant_records" ("blob_id", "variation_digest")[0m
  [1m[36mActiveRecord::SchemaMigration Create (0.1ms)[0m  [1m[32mINSERT INTO "schema_migrations" ("version") VALUES (?)[0m  [["version", "20210115011952"]]
  [1m[36mTRANSACTION (3.4ms)[0m  [1m[36mcommit transaction[0m
Migrating to CreateActionMailboxTables (20210115011953)
  [1m[36mTRANSACTION (0.1ms)[0m  [1m[36mbegin transaction[0m
  [1m[35m (0.4ms)[0m  [1m[35mCREATE TABLE "action_mailbox_inbound_emails" ("id" integer PRIMARY KEY AUTOINCREMENT NOT NULL, "status" integer DEFAULT 0 NOT NULL, "message_id" varchar NOT NULL, "message_checksum" varchar NOT NULL, "created_at" datetime(6) NOT NULL, "updated_at" datetime(6) NOT NULL)[0m
  [1m[35m (0.2ms)[0m  [1m[35mCREATE UNIQUE INDEX "index_action_mailbox_inbound_emails_uniqueness" ON "action_mailbox_inbound_emails" ("message_id", "message_checksum")[0m
  [1m[36mActiveRecord::SchemaMigration Create (0.1ms)[0m  [1m[32mINSERT INTO "schema_migrations" ("version") VALUES (?)[0m  [["version", "20210115011953"]]
  [1m[36mTRANSACTION (3.3ms)[0m  [1m[36mcommit transaction[0m
Migrating to CreateActionTextTables (20210115011954)
  [1m[36mTRANSACTION (0.1ms)[0m  [1m[36mbegin transaction[0m
  [1m[35m (0.2ms)[0m  [1m[35mCREATE TABLE "action_text_rich_texts" ("id" integer PRIMARY KEY AUTOINCREMENT NOT NULL, "name" varchar NOT NULL, "body" text, "record_type" varchar NOT NULL, "record_id" bigint NOT NULL, "created_at" datetime(6) NOT NULL, "updated_at" datetime(6) NOT NULL)[0m
  [1m[35m (0.1ms)[0m  [1m[35mCREATE UNIQUE INDEX "index_action_text_rich_texts_uniqueness" ON "action_text_rich_texts" ("record_type", "record_id", "name")[0m
  [1m[36mActiveRecord::SchemaMigration Create (0.1ms)[0m  [1m[32mINSERT INTO "schema_migrations" ("version") VALUES (?)[0m  [["version", "20210115011954"]]
  [1m[36mTRANSACTION (3.6ms)[0m  [1m[36mcommit transaction[0m
  [1m[36mActiveRecord::InternalMetadata Load (0.1ms)[0m  [1m[34mSELECT "ar_internal_metadata".* FROM "ar_internal_metadata" WHERE "ar_internal_metadata"."key" = ? LIMIT ?[0m  [["key", "environment"], ["LIMIT", 1]]
  [1m[35m (0.1ms)[0m  [1m[34mSELECT sqlite_version(*)[0m
  [1m[35m (0.1ms)[0m  [1m[34mSELECT "schema_migrations"."version" FROM "schema_migrations" ORDER BY "schema_migrations"."version" ASC[0m
Started GET "/blog" for ::1 at 2021-01-14 17:25:01 -0800
  [1m[35m (0.1ms)[0m  [1m[34mSELECT sqlite_version(*)[0m
  [1m[35m (0.1ms)[0m  [1m[34mSELECT "schema_migrations"."version" FROM "schema_migrations" ORDER BY "schema_migrations"."version" ASC[0m
Processing by Blorgh::ArticlesController#index as HTML
  Rendering layout /home/obelich/Git/mi-aprendisaje/Back-end/Ruby/Rails/aprender-generar-engine/blorgh/app/views/layouts/blorgh/application.html.erb
  Rendering /home/obelich/Git/mi-aprendisaje/Back-end/Ruby/Rails/aprender-generar-engine/blorgh/app/views/blorgh/articles/index.html.erb within layouts/blorgh/application
  [1m[36mBlorgh::Article Load (0.1ms)[0m  [1m[34mSELECT "blorgh_articles".* FROM "blorgh_articles"[0m
  Rendered /home/obelich/Git/mi-aprendisaje/Back-end/Ruby/Rails/aprender-generar-engine/blorgh/app/views/blorgh/articles/index.html.erb within layouts/blorgh/application (Duration: 2.2ms | Allocations: 1558)
  Rendered layout /home/obelich/Git/mi-aprendisaje/Back-end/Ruby/Rails/aprender-generar-engine/blorgh/app/views/layouts/blorgh/application.html.erb (Duration: 7.0ms | Allocations: 3667)
Completed 200 OK in 18ms (Views: 8.1ms | ActiveRecord: 0.1ms | Allocations: 7480)


Started GET "/blog/articles/new" for ::1 at 2021-01-14 17:25:05 -0800
Processing by Blorgh::ArticlesController#new as HTML
  Rendering layout /home/obelich/Git/mi-aprendisaje/Back-end/Ruby/Rails/aprender-generar-engine/blorgh/app/views/layouts/blorgh/application.html.erb
  Rendering /home/obelich/Git/mi-aprendisaje/Back-end/Ruby/Rails/aprender-generar-engine/blorgh/app/views/blorgh/articles/new.html.erb within layouts/blorgh/application
  Rendered /home/obelich/Git/mi-aprendisaje/Back-end/Ruby/Rails/aprender-generar-engine/blorgh/app/views/blorgh/articles/_form.html.erb (Duration: 23.9ms | Allocations: 5280)
  Rendered /home/obelich/Git/mi-aprendisaje/Back-end/Ruby/Rails/aprender-generar-engine/blorgh/app/views/blorgh/articles/new.html.erb within layouts/blorgh/application (Duration: 26.7ms | Allocations: 5734)
  Rendered layout /home/obelich/Git/mi-aprendisaje/Back-end/Ruby/Rails/aprender-generar-engine/blorgh/app/views/layouts/blorgh/application.html.erb (Duration: 28.8ms | Allocations: 7360)
Completed 200 OK in 44ms (Views: 29.7ms | ActiveRecord: 1.7ms | Allocations: 10646)


Started POST "/blog/articles" for ::1 at 2021-01-14 17:25:08 -0800
Processing by Blorgh::ArticlesController#create as HTML
  Parameters: {"authenticity_token"=>"[FILTERED]", "article"=>{"title"=>"dasd", "text"=>"dasd"}, "commit"=>"Create Article"}
  [1m[36mTRANSACTION (0.1ms)[0m  [1m[36mbegin transaction[0m
  [1m[36mBlorgh::Article Create (0.5ms)[0m  [1m[32mINSERT INTO "blorgh_articles" ("title", "text", "created_at", "updated_at") VALUES (?, ?, ?, ?)[0m  [["title", "dasd"], ["text", "dasd"], ["created_at", "2021-01-15 01:25:08.009750"], ["updated_at", "2021-01-15 01:25:08.009750"]]
  [1m[36mTRANSACTION (4.4ms)[0m  [1m[36mcommit transaction[0m
Redirected to http://localhost:3000/blog/articles/1
Completed 302 Found in 19ms (ActiveRecord: 5.0ms | Allocations: 4744)


Started GET "/blog/articles/1" for ::1 at 2021-01-14 17:25:08 -0800
Processing by Blorgh::ArticlesController#show as HTML
  Parameters: {"id"=>"1"}
  [1m[36mBlorgh::Article Load (0.2ms)[0m  [1m[34mSELECT "blorgh_articles".* FROM "blorgh_articles" WHERE "blorgh_articles"."id" = ? LIMIT ?[0m  [["id", 1], ["LIMIT", 1]]
  Rendering layout /home/obelich/Git/mi-aprendisaje/Back-end/Ruby/Rails/aprender-generar-engine/blorgh/app/views/layouts/blorgh/application.html.erb
  Rendering /home/obelich/Git/mi-aprendisaje/Back-end/Ruby/Rails/aprender-generar-engine/blorgh/app/views/blorgh/articles/show.html.erb within layouts/blorgh/application
  [1m[36mBlorgh::Comment Load (0.1ms)[0m  [1m[34mSELECT "blorgh_comments".* FROM "blorgh_comments" WHERE "blorgh_comments"."article_id" = ?[0m  [["article_id", 1]]
  Rendered collection of templates [0 times] (Duration: 0.0ms | Allocations: 13)
  Rendered /home/obelich/Git/mi-aprendisaje/Back-end/Ruby/Rails/aprender-generar-engine/blorgh/app/views/blorgh/comments/_form.html.erb (Duration: 8.0ms | Allocations: 4301)
  Rendered /home/obelich/Git/mi-aprendisaje/Back-end/Ruby/Rails/aprender-generar-engine/blorgh/app/views/blorgh/articles/show.html.erb within layouts/blorgh/application (Duration: 37.5ms | Allocations: 12611)
  Rendered layout /home/obelich/Git/mi-aprendisaje/Back-end/Ruby/Rails/aprender-generar-engine/blorgh/app/views/layouts/blorgh/application.html.erb (Duration: 39.5ms | Allocations: 14236)
Completed 200 OK in 45ms (Views: 39.6ms | ActiveRecord: 0.6ms | Allocations: 16176)


Started POST "/blog/articles/1/comments" for ::1 at 2021-01-14 17:25:11 -0800
Processing by Blorgh::CommentsController#create as HTML
  Parameters: {"authenticity_token"=>"[FILTERED]", "comment"=>{"text"=>"dwqdw"}, "commit"=>"Create Comment", "article_id"=>"1"}
  [1m[36mBlorgh::Article Load (0.3ms)[0m  [1m[34mSELECT "blorgh_articles".* FROM "blorgh_articles" WHERE "blorgh_articles"."id" = ? LIMIT ?[0m  [["id", 1], ["LIMIT", 1]]
  [1m[36mTRANSACTION (0.1ms)[0m  [1m[36mbegin transaction[0m
  [1m[36mBlorgh::Comment Create (0.3ms)[0m  [1m[32mINSERT INTO "blorgh_comments" ("article_id", "text", "created_at", "updated_at") VALUES (?, ?, ?, ?)[0m  [["article_id", 1], ["text", "dwqdw"], ["created_at", "2021-01-15 01:25:11.198257"], ["updated_at", "2021-01-15 01:25:11.198257"]]
  [1m[36mTRANSACTION (3.3ms)[0m  [1m[36mcommit transaction[0m
Redirected to http://localhost:3000/blog/articles
Completed 302 Found in 23ms (ActiveRecord: 4.0ms | Allocations: 7405)


Started GET "/blog/articles" for ::1 at 2021-01-14 17:25:11 -0800
Processing by Blorgh::ArticlesController#index as HTML
  Rendering layout /home/obelich/Git/mi-aprendisaje/Back-end/Ruby/Rails/aprender-generar-engine/blorgh/app/views/layouts/blorgh/application.html.erb
  Rendering /home/obelich/Git/mi-aprendisaje/Back-end/Ruby/Rails/aprender-generar-engine/blorgh/app/views/blorgh/articles/index.html.erb within layouts/blorgh/application
  [1m[36mBlorgh::Article Load (0.1ms)[0m  [1m[34mSELECT "blorgh_articles".* FROM "blorgh_articles"[0m
  Rendered /home/obelich/Git/mi-aprendisaje/Back-end/Ruby/Rails/aprender-generar-engine/blorgh/app/views/blorgh/articles/index.html.erb within layouts/blorgh/application (Duration: 2.9ms | Allocations: 1423)
  Rendered layout /home/obelich/Git/mi-aprendisaje/Back-end/Ruby/Rails/aprender-generar-engine/blorgh/app/views/layouts/blorgh/application.html.erb (Duration: 5.8ms | Allocations: 3063)
Completed 200 OK in 7ms (Views: 6.2ms | ActiveRecord: 0.1ms | Allocations: 3480)


Started GET "/blog/articles/1" for ::1 at 2021-01-14 17:25:13 -0800
Processing by Blorgh::ArticlesController#show as HTML
  Parameters: {"id"=>"1"}
  [1m[36mBlorgh::Article Load (0.2ms)[0m  [1m[34mSELECT "blorgh_articles".* FROM "blorgh_articles" WHERE "blorgh_articles"."id" = ? LIMIT ?[0m  [["id", 1], ["LIMIT", 1]]
  Rendering layout /home/obelich/Git/mi-aprendisaje/Back-end/Ruby/Rails/aprender-generar-engine/blorgh/app/views/layouts/blorgh/application.html.erb
  Rendering /home/obelich/Git/mi-aprendisaje/Back-end/Ruby/Rails/aprender-generar-engine/blorgh/app/views/blorgh/articles/show.html.erb within layouts/blorgh/application
  [1m[36mBlorgh::Comment Load (0.1ms)[0m  [1m[34mSELECT "blorgh_comments".* FROM "blorgh_comments" WHERE "blorgh_comments"."article_id" = ?[0m  [["article_id", 1]]
  Rendered collection of /home/obelich/Git/mi-aprendisaje/Back-end/Ruby/Rails/aprender-generar-engine/blorgh/app/views/blorgh/comments/_comment.html.erb [1 times] (Duration: 0.9ms | Allocations: 184)
  Rendered /home/obelich/Git/mi-aprendisaje/Back-end/Ruby/Rails/aprender-generar-engine/blorgh/app/views/blorgh/comments/_form.html.erb (Duration: 1.6ms | Allocations: 613)
  Rendered /home/obelich/Git/mi-aprendisaje/Back-end/Ruby/Rails/aprender-generar-engine/blorgh/app/views/blorgh/articles/show.html.erb within layouts/blorgh/application (Duration: 8.1ms | Allocations: 2659)
  Rendered layout /home/obelich/Git/mi-aprendisaje/Back-end/Ruby/Rails/aprender-generar-engine/blorgh/app/views/layouts/blorgh/application.html.erb (Duration: 11.1ms | Allocations: 4286)
Completed 200 OK in 16ms (Views: 11.5ms | ActiveRecord: 0.4ms | Allocations: 5622)


